<?xml version="1.0" encoding="UTF-8"?>
<testsuite xmlns:xsi="http://www.w3.org/2001/XMLSchema-instance" xsi:noNamespaceSchemaLocation="https://maven.apache.org/surefire/maven-surefire-plugin/xsd/surefire-test-report.xsd" name="sk.stuba.fei.uim.vsa.pr1a.groupa.CouponTest" time="7.885" tests="6" errors="0" skipped="0" failures="1">
  <properties>
[...]
</properties>
  <testcase name="COUPON04_createAndGetCouponsByUser" classname="sk.stuba.fei.uim.vsa.pr1a.groupa.CouponTest" time="0.303">
    <failure message="expected: &lt;true&gt; but was: &lt;false&gt;" type="org.opentest4j.AssertionFailedError"><![CDATA[org.opentest4j.AssertionFailedError: expected: <true> but was: <false>
	at sk.stuba.fei.uim.vsa.pr1a.groupa.CouponTest.COUPON04_createAndGetCouponsByUser(CouponTest.java:79)
]]></failure>
    <system-out><![CDATA[[EL Info]: 2022-05-22 01:42:43.954--ServerSession(570794077)--EclipseLink, version: Eclipse Persistence Services - 2.7.10.v20211216-fe64cd39c3
[EL Fine]: sql: 2022-05-22 01:42:44.725--ServerSession(570794077)--Connection(851912430)--ALTER TABLE CAR_PARK_FLOOR DROP FOREIGN KEY FK_CAR_PARK_FLOOR_CARPARK_ID
[EL Fine]: sql: 2022-05-22 01:42:44.742--ServerSession(570794077)--SELECT 1
[EL Fine]: sql: 2022-05-22 01:42:44.743--ServerSession(570794077)--Connection(851912430)--ALTER TABLE CAR_PARK_FLOOR DROP KEY UNQ_CAR_PARK_FLOOR_0
[EL Fine]: sql: 2022-05-22 01:42:44.744--ServerSession(570794077)--SELECT 1
[EL Fine]: sql: 2022-05-22 01:42:44.745--ServerSession(570794077)--Connection(851912430)--ALTER TABLE PARKING_SPOT DROP FOREIGN KEY FK_PARKING_SPOT_CARPARKFLOOR_ID
[EL Fine]: sql: 2022-05-22 01:42:44.746--ServerSession(570794077)--SELECT 1
[EL Fine]: sql: 2022-05-22 01:42:44.747--ServerSession(570794077)--Connection(851912430)--ALTER TABLE PARKING_SPOT DROP FOREIGN KEY FK_PARKING_SPOT_CARPARK_ID
[EL Fine]: sql: 2022-05-22 01:42:44.748--ServerSession(570794077)--SELECT 1
[EL Fine]: sql: 2022-05-22 01:42:44.75--ServerSession(570794077)--Connection(851912430)--ALTER TABLE PARKING_SPOT DROP FOREIGN KEY FK_PARKING_SPOT_CAR_ID
[EL Fine]: sql: 2022-05-22 01:42:44.752--ServerSession(570794077)--SELECT 1
[EL Fine]: sql: 2022-05-22 01:42:44.753--ServerSession(570794077)--Connection(851912430)--ALTER TABLE PARKING_SPOT DROP KEY UNQ_PARKING_SPOT_0
[EL Fine]: sql: 2022-05-22 01:42:44.754--ServerSession(570794077)--SELECT 1
[EL Fine]: sql: 2022-05-22 01:42:44.755--ServerSession(570794077)--Connection(851912430)--ALTER TABLE CAR DROP FOREIGN KEY FK_CAR_USER_ID
[EL Fine]: sql: 2022-05-22 01:42:44.756--ServerSession(570794077)--SELECT 1
[EL Fine]: sql: 2022-05-22 01:42:44.757--ServerSession(570794077)--Connection(851912430)--ALTER TABLE USER DROP KEY UNQ_USER_0
[EL Fine]: sql: 2022-05-22 01:42:44.758--ServerSession(570794077)--SELECT 1
[EL Fine]: sql: 2022-05-22 01:42:44.759--ServerSession(570794077)--Connection(851912430)--ALTER TABLE RESERVATION DROP FOREIGN KEY FK_RESERVATION_DISCOUNTCOUPON_ID
[EL Fine]: sql: 2022-05-22 01:42:44.76--ServerSession(570794077)--SELECT 1
[EL Fine]: sql: 2022-05-22 01:42:44.761--ServerSession(570794077)--Connection(851912430)--ALTER TABLE RESERVATION DROP FOREIGN KEY FK_RESERVATION_CAR_ID
[EL Fine]: sql: 2022-05-22 01:42:44.762--ServerSession(570794077)--SELECT 1
[EL Fine]: sql: 2022-05-22 01:42:44.762--ServerSession(570794077)--Connection(851912430)--ALTER TABLE RESERVATION DROP FOREIGN KEY FK_RESERVATION_PARKINGSPOT_ID
[EL Fine]: sql: 2022-05-22 01:42:44.764--ServerSession(570794077)--SELECT 1
[EL Fine]: sql: 2022-05-22 01:42:44.764--ServerSession(570794077)--Connection(851912430)--ALTER TABLE DISCOUNT_COUPON DROP FOREIGN KEY FK_DISCOUNT_COUPON_USER_ID
[EL Fine]: sql: 2022-05-22 01:42:44.765--ServerSession(570794077)--SELECT 1
[EL Fine]: sql: 2022-05-22 01:42:44.766--ServerSession(570794077)--Connection(851912430)--ALTER TABLE CAR_PARK_PARKING_SPOT DROP FOREIGN KEY FK_CAR_PARK_PARKING_SPOT_parkingSpots_ID
[EL Fine]: sql: 2022-05-22 01:42:44.768--ServerSession(570794077)--SELECT 1
[EL Fine]: sql: 2022-05-22 01:42:44.769--ServerSession(570794077)--Connection(851912430)--ALTER TABLE CAR_PARK_PARKING_SPOT DROP FOREIGN KEY FK_CAR_PARK_PARKING_SPOT_CarPark_ID
[EL Fine]: sql: 2022-05-22 01:42:44.77--ServerSession(570794077)--SELECT 1
[EL Fine]: sql: 2022-05-22 01:42:44.771--ServerSession(570794077)--Connection(851912430)--ALTER TABLE CAR_PARK_FLOOR_PARKING_SPOT DROP FOREIGN KEY FK_CAR_PARK_FLOOR_PARKING_SPOT_CarParkFloor_ID
[EL Fine]: sql: 2022-05-22 01:42:44.772--ServerSession(570794077)--SELECT 1
[EL Fine]: sql: 2022-05-22 01:42:44.773--ServerSession(570794077)--Connection(851912430)--ALTER TABLE CAR_PARK_FLOOR_PARKING_SPOT DROP FOREIGN KEY FK_CAR_PARK_FLOOR_PARKING_SPOT_parkingSpots_ID
[EL Fine]: sql: 2022-05-22 01:42:44.775--ServerSession(570794077)--SELECT 1
[EL Fine]: sql: 2022-05-22 01:42:44.775--ServerSession(570794077)--Connection(851912430)--ALTER TABLE USER_CAR DROP FOREIGN KEY FK_USER_CAR_User_ID
[EL Fine]: sql: 2022-05-22 01:42:44.776--ServerSession(570794077)--SELECT 1
[EL Fine]: sql: 2022-05-22 01:42:44.777--ServerSession(570794077)--Connection(851912430)--ALTER TABLE USER_CAR DROP FOREIGN KEY FK_USER_CAR_cars_ID
[EL Fine]: sql: 2022-05-22 01:42:44.778--ServerSession(570794077)--SELECT 1
[EL Fine]: sql: 2022-05-22 01:42:44.779--ServerSession(570794077)--Connection(851912430)--ALTER TABLE USER_DISCOUNT_COUPON DROP FOREIGN KEY FK_USER_DISCOUNT_COUPON_User_ID
[EL Fine]: sql: 2022-05-22 01:42:44.78--ServerSession(570794077)--SELECT 1
[EL Fine]: sql: 2022-05-22 01:42:44.781--ServerSession(570794077)--Connection(851912430)--ALTER TABLE USER_DISCOUNT_COUPON DROP FOREIGN KEY FK_USER_DISCOUNT_COUPON_discountCoupons_ID
[EL Fine]: sql: 2022-05-22 01:42:44.781--ServerSession(570794077)--SELECT 1
[EL Fine]: sql: 2022-05-22 01:42:44.782--ServerSession(570794077)--Connection(851912430)--DROP TABLE CAR_PARK
[EL Fine]: sql: 2022-05-22 01:42:44.783--ServerSession(570794077)--SELECT 1
[EL Fine]: sql: 2022-05-22 01:42:44.784--ServerSession(570794077)--Connection(851912430)--DROP TABLE CAR_PARK_FLOOR
[EL Fine]: sql: 2022-05-22 01:42:44.785--ServerSession(570794077)--SELECT 1
[EL Fine]: sql: 2022-05-22 01:42:44.785--ServerSession(570794077)--Connection(851912430)--DROP TABLE PARKING_SPOT
[EL Fine]: sql: 2022-05-22 01:42:44.786--ServerSession(570794077)--SELECT 1
[EL Fine]: sql: 2022-05-22 01:42:44.787--ServerSession(570794077)--Connection(851912430)--DROP TABLE CAR
[EL Fine]: sql: 2022-05-22 01:42:44.787--ServerSession(570794077)--SELECT 1
[EL Fine]: sql: 2022-05-22 01:42:44.788--ServerSession(570794077)--Connection(851912430)--DROP TABLE USER
[EL Fine]: sql: 2022-05-22 01:42:44.789--ServerSession(570794077)--SELECT 1
[EL Fine]: sql: 2022-05-22 01:42:44.789--ServerSession(570794077)--Connection(851912430)--DROP TABLE RESERVATION
[EL Fine]: sql: 2022-05-22 01:42:44.79--ServerSession(570794077)--SELECT 1
[EL Fine]: sql: 2022-05-22 01:42:44.791--ServerSession(570794077)--Connection(851912430)--DROP TABLE DISCOUNT_COUPON
[EL Fine]: sql: 2022-05-22 01:42:44.791--ServerSession(570794077)--SELECT 1
[EL Fine]: sql: 2022-05-22 01:42:44.792--ServerSession(570794077)--Connection(851912430)--DROP TABLE CAR_PARK_PARKING_SPOT
[EL Fine]: sql: 2022-05-22 01:42:44.792--ServerSession(570794077)--SELECT 1
[EL Fine]: sql: 2022-05-22 01:42:44.793--ServerSession(570794077)--Connection(851912430)--DROP TABLE CAR_PARK_FLOOR_PARKING_SPOT
[EL Fine]: sql: 2022-05-22 01:42:44.794--ServerSession(570794077)--SELECT 1
[EL Fine]: sql: 2022-05-22 01:42:44.794--ServerSession(570794077)--Connection(851912430)--DROP TABLE USER_CAR
[EL Fine]: sql: 2022-05-22 01:42:44.795--ServerSession(570794077)--SELECT 1
[EL Fine]: sql: 2022-05-22 01:42:44.795--ServerSession(570794077)--Connection(851912430)--DROP TABLE USER_DISCOUNT_COUPON
[EL Fine]: sql: 2022-05-22 01:42:44.796--ServerSession(570794077)--SELECT 1
[EL Fine]: sql: 2022-05-22 01:42:44.796--ServerSession(570794077)--Connection(851912430)--DROP TABLE CAR_PARK
[EL Fine]: sql: 2022-05-22 01:42:44.797--ServerSession(570794077)--SELECT 1
[EL Fine]: sql: 2022-05-22 01:42:44.797--ServerSession(570794077)--Connection(851912430)--DROP TABLE CAR_PARK_FLOOR
[EL Fine]: sql: 2022-05-22 01:42:44.798--ServerSession(570794077)--SELECT 1
[EL Fine]: sql: 2022-05-22 01:42:44.799--ServerSession(570794077)--Connection(851912430)--DROP TABLE PARKING_SPOT
[EL Fine]: sql: 2022-05-22 01:42:44.799--ServerSession(570794077)--SELECT 1
[EL Fine]: sql: 2022-05-22 01:42:44.8--ServerSession(570794077)--Connection(851912430)--DROP TABLE CAR
[EL Fine]: sql: 2022-05-22 01:42:44.801--ServerSession(570794077)--SELECT 1
[EL Fine]: sql: 2022-05-22 01:42:44.801--ServerSession(570794077)--Connection(851912430)--DROP TABLE USER
[EL Fine]: sql: 2022-05-22 01:42:44.802--ServerSession(570794077)--SELECT 1
[EL Fine]: sql: 2022-05-22 01:42:44.802--ServerSession(570794077)--Connection(851912430)--DROP TABLE RESERVATION
[EL Fine]: sql: 2022-05-22 01:42:44.803--ServerSession(570794077)--SELECT 1
[EL Fine]: sql: 2022-05-22 01:42:44.803--ServerSession(570794077)--Connection(851912430)--DROP TABLE DISCOUNT_COUPON
[EL Fine]: sql: 2022-05-22 01:42:44.804--ServerSession(570794077)--SELECT 1
[EL Fine]: sql: 2022-05-22 01:42:44.804--ServerSession(570794077)--Connection(851912430)--DROP TABLE CAR_PARK_PARKING_SPOT
[EL Fine]: sql: 2022-05-22 01:42:44.805--ServerSession(570794077)--SELECT 1
[EL Fine]: sql: 2022-05-22 01:42:44.805--ServerSession(570794077)--Connection(851912430)--DROP TABLE CAR_PARK_FLOOR_PARKING_SPOT
[EL Fine]: sql: 2022-05-22 01:42:44.806--ServerSession(570794077)--SELECT 1
[EL Fine]: sql: 2022-05-22 01:42:44.806--ServerSession(570794077)--Connection(851912430)--DROP TABLE USER_CAR
[EL Fine]: sql: 2022-05-22 01:42:44.807--ServerSession(570794077)--SELECT 1
[EL Fine]: sql: 2022-05-22 01:42:44.807--ServerSession(570794077)--Connection(851912430)--DROP TABLE USER_DISCOUNT_COUPON
[EL Fine]: sql: 2022-05-22 01:42:44.808--ServerSession(570794077)--SELECT 1
[EL Fine]: sql: 2022-05-22 01:42:44.808--ServerSession(570794077)--Connection(851912430)--DROP TABLE CAR_PARK
[EL Fine]: sql: 2022-05-22 01:42:44.809--ServerSession(570794077)--SELECT 1
[EL Fine]: sql: 2022-05-22 01:42:44.809--ServerSession(570794077)--Connection(851912430)--DROP TABLE CAR_PARK_FLOOR
[EL Fine]: sql: 2022-05-22 01:42:44.81--ServerSession(570794077)--SELECT 1
[EL Fine]: sql: 2022-05-22 01:42:44.81--ServerSession(570794077)--Connection(851912430)--DROP TABLE PARKING_SPOT
[EL Fine]: sql: 2022-05-22 01:42:44.811--ServerSession(570794077)--SELECT 1
[EL Fine]: sql: 2022-05-22 01:42:44.812--ServerSession(570794077)--Connection(851912430)--DROP TABLE CAR
[EL Fine]: sql: 2022-05-22 01:42:44.812--ServerSession(570794077)--SELECT 1
[EL Fine]: sql: 2022-05-22 01:42:44.813--ServerSession(570794077)--Connection(851912430)--DROP TABLE USER
[EL Fine]: sql: 2022-05-22 01:42:44.813--ServerSession(570794077)--SELECT 1
[EL Fine]: sql: 2022-05-22 01:42:44.814--ServerSession(570794077)--Connection(851912430)--DROP TABLE RESERVATION
[EL Fine]: sql: 2022-05-22 01:42:44.814--ServerSession(570794077)--SELECT 1
[EL Fine]: sql: 2022-05-22 01:42:44.815--ServerSession(570794077)--Connection(851912430)--DROP TABLE DISCOUNT_COUPON
[EL Fine]: sql: 2022-05-22 01:42:44.816--ServerSession(570794077)--SELECT 1
[EL Fine]: sql: 2022-05-22 01:42:44.817--ServerSession(570794077)--Connection(851912430)--DROP TABLE CAR_PARK_PARKING_SPOT
[EL Fine]: sql: 2022-05-22 01:42:44.818--ServerSession(570794077)--SELECT 1
[EL Fine]: sql: 2022-05-22 01:42:44.818--ServerSession(570794077)--Connection(851912430)--DROP TABLE CAR_PARK_FLOOR_PARKING_SPOT
[EL Fine]: sql: 2022-05-22 01:42:44.819--ServerSession(570794077)--SELECT 1
[EL Fine]: sql: 2022-05-22 01:42:44.82--ServerSession(570794077)--Connection(851912430)--DROP TABLE USER_CAR
[EL Fine]: sql: 2022-05-22 01:42:44.821--ServerSession(570794077)--SELECT 1
[EL Fine]: sql: 2022-05-22 01:42:44.821--ServerSession(570794077)--Connection(851912430)--DROP TABLE USER_DISCOUNT_COUPON
[EL Fine]: sql: 2022-05-22 01:42:44.823--ServerSession(570794077)--SELECT 1
[EL Fine]: sql: 2022-05-22 01:42:44.824--ServerSession(570794077)--Connection(851912430)--DROP TABLE CAR_PARK
[EL Fine]: sql: 2022-05-22 01:42:44.825--ServerSession(570794077)--SELECT 1
[EL Fine]: sql: 2022-05-22 01:42:44.825--ServerSession(570794077)--Connection(851912430)--DROP TABLE CAR_PARK_FLOOR
[EL Fine]: sql: 2022-05-22 01:42:44.826--ServerSession(570794077)--SELECT 1
[EL Fine]: sql: 2022-05-22 01:42:44.827--ServerSession(570794077)--Connection(851912430)--DROP TABLE PARKING_SPOT
[EL Fine]: sql: 2022-05-22 01:42:44.828--ServerSession(570794077)--SELECT 1
[EL Fine]: sql: 2022-05-22 01:42:44.829--ServerSession(570794077)--Connection(851912430)--DROP TABLE CAR
[EL Fine]: sql: 2022-05-22 01:42:44.829--ServerSession(570794077)--SELECT 1
[EL Fine]: sql: 2022-05-22 01:42:44.83--ServerSession(570794077)--Connection(851912430)--DROP TABLE USER
[EL Fine]: sql: 2022-05-22 01:42:44.83--ServerSession(570794077)--SELECT 1
[EL Fine]: sql: 2022-05-22 01:42:44.831--ServerSession(570794077)--Connection(851912430)--DROP TABLE RESERVATION
[EL Fine]: sql: 2022-05-22 01:42:44.832--ServerSession(570794077)--SELECT 1
[EL Fine]: sql: 2022-05-22 01:42:44.833--ServerSession(570794077)--Connection(851912430)--DROP TABLE DISCOUNT_COUPON
[EL Fine]: sql: 2022-05-22 01:42:44.833--ServerSession(570794077)--SELECT 1
[EL Fine]: sql: 2022-05-22 01:42:44.834--ServerSession(570794077)--Connection(851912430)--DROP TABLE CAR_PARK_PARKING_SPOT
[EL Fine]: sql: 2022-05-22 01:42:44.835--ServerSession(570794077)--SELECT 1
[EL Fine]: sql: 2022-05-22 01:42:44.835--ServerSession(570794077)--Connection(851912430)--DROP TABLE CAR_PARK_FLOOR_PARKING_SPOT
[EL Fine]: sql: 2022-05-22 01:42:44.836--ServerSession(570794077)--SELECT 1
[EL Fine]: sql: 2022-05-22 01:42:44.837--ServerSession(570794077)--Connection(851912430)--DROP TABLE USER_CAR
[EL Fine]: sql: 2022-05-22 01:42:44.838--ServerSession(570794077)--SELECT 1
[EL Fine]: sql: 2022-05-22 01:42:44.839--ServerSession(570794077)--Connection(851912430)--DROP TABLE USER_DISCOUNT_COUPON
[EL Fine]: sql: 2022-05-22 01:42:44.84--ServerSession(570794077)--SELECT 1
[EL Fine]: sql: 2022-05-22 01:42:44.841--ServerSession(570794077)--Connection(851912430)--DROP TABLE CAR_PARK
[EL Fine]: sql: 2022-05-22 01:42:44.842--ServerSession(570794077)--SELECT 1
[EL Fine]: sql: 2022-05-22 01:42:44.843--ServerSession(570794077)--Connection(851912430)--DROP TABLE CAR_PARK_FLOOR
[EL Fine]: sql: 2022-05-22 01:42:44.844--ServerSession(570794077)--SELECT 1
[EL Fine]: sql: 2022-05-22 01:42:44.844--ServerSession(570794077)--Connection(851912430)--DROP TABLE PARKING_SPOT
[EL Fine]: sql: 2022-05-22 01:42:44.845--ServerSession(570794077)--SELECT 1
[EL Fine]: sql: 2022-05-22 01:42:44.846--ServerSession(570794077)--Connection(851912430)--DROP TABLE CAR
[EL Fine]: sql: 2022-05-22 01:42:44.847--ServerSession(570794077)--SELECT 1
[EL Fine]: sql: 2022-05-22 01:42:44.848--ServerSession(570794077)--Connection(851912430)--DROP TABLE USER
[EL Fine]: sql: 2022-05-22 01:42:44.849--ServerSession(570794077)--SELECT 1
[EL Fine]: sql: 2022-05-22 01:42:44.85--ServerSession(570794077)--Connection(851912430)--DROP TABLE RESERVATION
[EL Fine]: sql: 2022-05-22 01:42:44.851--ServerSession(570794077)--SELECT 1
[EL Fine]: sql: 2022-05-22 01:42:44.851--ServerSession(570794077)--Connection(851912430)--DROP TABLE DISCOUNT_COUPON
[EL Fine]: sql: 2022-05-22 01:42:44.852--ServerSession(570794077)--SELECT 1
[EL Fine]: sql: 2022-05-22 01:42:44.853--ServerSession(570794077)--Connection(851912430)--DROP TABLE CAR_PARK_PARKING_SPOT
[EL Fine]: sql: 2022-05-22 01:42:44.854--ServerSession(570794077)--SELECT 1
[EL Fine]: sql: 2022-05-22 01:42:44.854--ServerSession(570794077)--Connection(851912430)--DROP TABLE CAR_PARK_FLOOR_PARKING_SPOT
[EL Fine]: sql: 2022-05-22 01:42:44.855--ServerSession(570794077)--SELECT 1
[EL Fine]: sql: 2022-05-22 01:42:44.855--ServerSession(570794077)--Connection(851912430)--DROP TABLE USER_CAR
[EL Fine]: sql: 2022-05-22 01:42:44.856--ServerSession(570794077)--SELECT 1
[EL Fine]: sql: 2022-05-22 01:42:44.857--ServerSession(570794077)--Connection(851912430)--DROP TABLE USER_DISCOUNT_COUPON
[EL Fine]: sql: 2022-05-22 01:42:44.857--ServerSession(570794077)--SELECT 1
[EL Fine]: sql: 2022-05-22 01:42:44.86--ServerSession(570794077)--Connection(851912430)--DELETE FROM SEQUENCE WHERE SEQ_NAME = 'SEQ_GEN'
[EL Fine]: sql: 2022-05-22 01:42:44.861--ServerSession(570794077)--SELECT 1
[EL Warning]: 2022-05-22 01:42:44.861--ServerSession(570794077)--Exception [EclipseLink-4002] (Eclipse Persistence Services - 2.7.10.v20211216-fe64cd39c3): org.eclipse.persistence.exceptions.DatabaseException
Internal Exception: com.mysql.jdbc.exceptions.jdbc4.MySQLSyntaxErrorException: Table 'VSA_PR1.SEQUENCE' doesn't exist
Error Code: 1146
Call: DELETE FROM SEQUENCE WHERE SEQ_NAME = 'SEQ_GEN'
Query: DataModifyQuery(sql="DELETE FROM SEQUENCE WHERE SEQ_NAME = 'SEQ_GEN'")
[EL Fine]: sql: 2022-05-22 01:42:44.865--ServerSession(570794077)--Connection(851912430)--CREATE TABLE CAR_PARK (ID BIGINT NOT NULL, ADDRESS VARCHAR(255) NOT NULL UNIQUE, NAME VARCHAR(255) NOT NULL UNIQUE, PRICEPERHOUR INTEGER NOT NULL, PRIMARY KEY (ID))
[EL Fine]: sql: 2022-05-22 01:42:44.891--ServerSession(570794077)--Connection(851912430)--CREATE TABLE CAR_PARK_FLOOR (ID BIGINT NOT NULL, CARPARK_ID BIGINT, FLOORIDENTIFIER VARCHAR(255) NOT NULL, PRIMARY KEY (ID))
[EL Fine]: sql: 2022-05-22 01:42:44.912--ServerSession(570794077)--Connection(851912430)--CREATE TABLE PARKING_SPOT (ID BIGINT NOT NULL, FLOORIDENTIFIER VARCHAR(255) NOT NULL, SPOTIDENTIFIER VARCHAR(255) NOT NULL, CARPARK_ID BIGINT, CARPARKFLOOR_ID BIGINT, CAR_ID BIGINT UNIQUE, PRIMARY KEY (ID))
[EL Fine]: sql: 2022-05-22 01:42:44.936--ServerSession(570794077)--Connection(851912430)--CREATE TABLE CAR (ID BIGINT NOT NULL, BRAND VARCHAR(255) NOT NULL, COLOUR VARCHAR(255) NOT NULL, MODEL VARCHAR(255) NOT NULL, VEHICLEREGISTRATIONPLATE VARCHAR(255) NOT NULL UNIQUE, USER_ID BIGINT, PRIMARY KEY (ID))
[EL Fine]: sql: 2022-05-22 01:42:44.96--ServerSession(570794077)--Connection(851912430)--CREATE TABLE USER (ID BIGINT NOT NULL, EMAIL VARCHAR(255) NOT NULL UNIQUE, FIRSTNAME VARCHAR(255) NOT NULL, LASTNAME VARCHAR(255) NOT NULL, PRIMARY KEY (ID))
[EL Fine]: sql: 2022-05-22 01:42:44.985--ServerSession(570794077)--Connection(851912430)--CREATE TABLE RESERVATION (ID BIGINT NOT NULL, FINALPRICE DOUBLE, FINISHDATE DATETIME, STARTDATE DATETIME NOT NULL, CAR_ID BIGINT, DISCOUNTCOUPON_ID BIGINT, PARKINGSPOT_ID BIGINT, PRIMARY KEY (ID))
[EL Fine]: sql: 2022-05-22 01:42:45.007--ServerSession(570794077)--Connection(851912430)--CREATE TABLE DISCOUNT_COUPON (ID BIGINT NOT NULL, DISCOUNT INTEGER NOT NULL, NAME VARCHAR(255) NOT NULL, VALIDITY TINYINT(1) default 0, USER_ID BIGINT, PRIMARY KEY (ID))
[EL Fine]: sql: 2022-05-22 01:42:45.03--ServerSession(570794077)--Connection(851912430)--CREATE TABLE CAR_PARK_PARKING_SPOT (CarPark_ID BIGINT NOT NULL, parkingSpots_ID BIGINT NOT NULL, PRIMARY KEY (CarPark_ID, parkingSpots_ID))
[EL Fine]: sql: 2022-05-22 01:42:45.052--ServerSession(570794077)--Connection(851912430)--CREATE TABLE CAR_PARK_FLOOR_PARKING_SPOT (CarParkFloor_ID BIGINT NOT NULL, parkingSpots_ID BIGINT NOT NULL, PRIMARY KEY (CarParkFloor_ID, parkingSpots_ID))
[EL Fine]: sql: 2022-05-22 01:42:45.074--ServerSession(570794077)--Connection(851912430)--CREATE TABLE USER_CAR (User_ID BIGINT NOT NULL, cars_ID BIGINT NOT NULL, PRIMARY KEY (User_ID, cars_ID))
[EL Fine]: sql: 2022-05-22 01:42:45.096--ServerSession(570794077)--Connection(851912430)--CREATE TABLE USER_DISCOUNT_COUPON (User_ID BIGINT NOT NULL, discountCoupons_ID BIGINT NOT NULL, PRIMARY KEY (User_ID, discountCoupons_ID))
[EL Fine]: sql: 2022-05-22 01:42:45.118--ServerSession(570794077)--Connection(851912430)--ALTER TABLE CAR_PARK_FLOOR ADD CONSTRAINT UNQ_CAR_PARK_FLOOR_0 UNIQUE (CARPARK_ID, FLOORIDENTIFIER)
[EL Fine]: sql: 2022-05-22 01:42:45.137--ServerSession(570794077)--Connection(851912430)--ALTER TABLE PARKING_SPOT ADD CONSTRAINT UNQ_PARKING_SPOT_0 UNIQUE (CARPARK_ID, SPOTIDENTIFIER)
[EL Fine]: sql: 2022-05-22 01:42:45.156--ServerSession(570794077)--Connection(851912430)--ALTER TABLE USER ADD CONSTRAINT UNQ_USER_0 UNIQUE (FIRSTNAME, LASTNAME)
[EL Fine]: sql: 2022-05-22 01:42:45.177--ServerSession(570794077)--Connection(851912430)--ALTER TABLE CAR_PARK_FLOOR ADD CONSTRAINT FK_CAR_PARK_FLOOR_CARPARK_ID FOREIGN KEY (CARPARK_ID) REFERENCES CAR_PARK (ID)
[EL Fine]: sql: 2022-05-22 01:42:45.235--ServerSession(570794077)--Connection(851912430)--ALTER TABLE PARKING_SPOT ADD CONSTRAINT FK_PARKING_SPOT_CARPARKFLOOR_ID FOREIGN KEY (CARPARKFLOOR_ID) REFERENCES CAR_PARK_FLOOR (ID)
[EL Fine]: sql: 2022-05-22 01:42:45.302--ServerSession(570794077)--Connection(851912430)--ALTER TABLE PARKING_SPOT ADD CONSTRAINT FK_PARKING_SPOT_CARPARK_ID FOREIGN KEY (CARPARK_ID) REFERENCES CAR_PARK (ID)
[EL Fine]: sql: 2022-05-22 01:42:45.367--ServerSession(570794077)--Connection(851912430)--ALTER TABLE PARKING_SPOT ADD CONSTRAINT FK_PARKING_SPOT_CAR_ID FOREIGN KEY (CAR_ID) REFERENCES CAR (ID)
[EL Fine]: sql: 2022-05-22 01:42:45.429--ServerSession(570794077)--Connection(851912430)--ALTER TABLE CAR ADD CONSTRAINT FK_CAR_USER_ID FOREIGN KEY (USER_ID) REFERENCES USER (ID)
[EL Fine]: sql: 2022-05-22 01:42:45.497--ServerSession(570794077)--Connection(851912430)--ALTER TABLE RESERVATION ADD CONSTRAINT FK_RESERVATION_DISCOUNTCOUPON_ID FOREIGN KEY (DISCOUNTCOUPON_ID) REFERENCES DISCOUNT_COUPON (ID)
[EL Fine]: sql: 2022-05-22 01:42:45.557--ServerSession(570794077)--Connection(851912430)--ALTER TABLE RESERVATION ADD CONSTRAINT FK_RESERVATION_CAR_ID FOREIGN KEY (CAR_ID) REFERENCES CAR (ID)
[EL Fine]: sql: 2022-05-22 01:42:45.625--ServerSession(570794077)--Connection(851912430)--ALTER TABLE RESERVATION ADD CONSTRAINT FK_RESERVATION_PARKINGSPOT_ID FOREIGN KEY (PARKINGSPOT_ID) REFERENCES PARKING_SPOT (ID)
[EL Fine]: sql: 2022-05-22 01:42:45.697--ServerSession(570794077)--Connection(851912430)--ALTER TABLE DISCOUNT_COUPON ADD CONSTRAINT FK_DISCOUNT_COUPON_USER_ID FOREIGN KEY (USER_ID) REFERENCES USER (ID)
[EL Fine]: sql: 2022-05-22 01:42:45.759--ServerSession(570794077)--Connection(851912430)--ALTER TABLE CAR_PARK_PARKING_SPOT ADD CONSTRAINT FK_CAR_PARK_PARKING_SPOT_parkingSpots_ID FOREIGN KEY (parkingSpots_ID) REFERENCES PARKING_SPOT (ID)
[EL Fine]: sql: 2022-05-22 01:42:45.826--ServerSession(570794077)--Connection(851912430)--ALTER TABLE CAR_PARK_PARKING_SPOT ADD CONSTRAINT FK_CAR_PARK_PARKING_SPOT_CarPark_ID FOREIGN KEY (CarPark_ID) REFERENCES CAR_PARK (ID)
[EL Fine]: sql: 2022-05-22 01:42:45.884--ServerSession(570794077)--Connection(851912430)--ALTER TABLE CAR_PARK_FLOOR_PARKING_SPOT ADD CONSTRAINT FK_CAR_PARK_FLOOR_PARKING_SPOT_CarParkFloor_ID FOREIGN KEY (CarParkFloor_ID) REFERENCES CAR_PARK_FLOOR (ID)
[EL Fine]: sql: 2022-05-22 01:42:45.939--ServerSession(570794077)--Connection(851912430)--ALTER TABLE CAR_PARK_FLOOR_PARKING_SPOT ADD CONSTRAINT FK_CAR_PARK_FLOOR_PARKING_SPOT_parkingSpots_ID FOREIGN KEY (parkingSpots_ID) REFERENCES PARKING_SPOT (ID)
[EL Fine]: sql: 2022-05-22 01:42:45.997--ServerSession(570794077)--Connection(851912430)--ALTER TABLE USER_CAR ADD CONSTRAINT FK_USER_CAR_User_ID FOREIGN KEY (User_ID) REFERENCES USER (ID)
[EL Fine]: sql: 2022-05-22 01:42:46.048--ServerSession(570794077)--Connection(851912430)--ALTER TABLE USER_CAR ADD CONSTRAINT FK_USER_CAR_cars_ID FOREIGN KEY (cars_ID) REFERENCES CAR (ID)
[EL Fine]: sql: 2022-05-22 01:42:46.102--ServerSession(570794077)--Connection(851912430)--ALTER TABLE USER_DISCOUNT_COUPON ADD CONSTRAINT FK_USER_DISCOUNT_COUPON_User_ID FOREIGN KEY (User_ID) REFERENCES USER (ID)
[EL Fine]: sql: 2022-05-22 01:42:46.166--ServerSession(570794077)--Connection(851912430)--ALTER TABLE USER_DISCOUNT_COUPON ADD CONSTRAINT FK_USER_DISCOUNT_COUPON_discountCoupons_ID FOREIGN KEY (discountCoupons_ID) REFERENCES DISCOUNT_COUPON (ID)
[EL Fine]: sql: 2022-05-22 01:42:46.229--ServerSession(570794077)--Connection(851912430)--CREATE TABLE SEQUENCE (SEQ_NAME VARCHAR(50) NOT NULL, SEQ_COUNT DECIMAL(38), PRIMARY KEY (SEQ_NAME))
[EL Fine]: sql: 2022-05-22 01:42:46.251--ServerSession(570794077)--Connection(851912430)--SELECT * FROM SEQUENCE WHERE SEQ_NAME = 'SEQ_GEN'
[EL Fine]: sql: 2022-05-22 01:42:46.252--ServerSession(570794077)--Connection(851912430)--INSERT INTO SEQUENCE(SEQ_NAME, SEQ_COUNT) values ('SEQ_GEN', 0)
car park class: sk.stuba.fei.uim.vsa.pr1a.CarParkService
[EL Fine]: sql: 2022-05-22 01:42:46.509--ClientSession(107994825)--Connection(851912430)--UPDATE SEQUENCE SET SEQ_COUNT = SEQ_COUNT + ? WHERE SEQ_NAME = ?
	bind => [50, SEQ_GEN]
[EL Fine]: sql: 2022-05-22 01:42:46.511--ClientSession(107994825)--Connection(851912430)--SELECT SEQ_COUNT FROM SEQUENCE WHERE SEQ_NAME = ?
	bind => [SEQ_GEN]
[EL Fine]: sql: 2022-05-22 01:42:46.523--ClientSession(107994825)--Connection(851912430)--INSERT INTO DISCOUNT_COUPON (ID, DISCOUNT, NAME, VALIDITY, USER_ID) VALUES (?, ?, ?, ?, ?)
	bind => [1, 20, TestDiscountCoupon, true, null]
[EL Fine]: sql: 2022-05-22 01:42:46.538--ClientSession(516875052)--Connection(851912430)--INSERT INTO USER (ID, EMAIL, FIRSTNAME, LASTNAME) VALUES (?, ?, ?, ?)
	bind => [2, jozko.mrkvicka@example.com, Jožko, Mrkvička]
[EL Fine]: sql: 2022-05-22 01:42:46.553--ClientSession(605982374)--Connection(851912430)--UPDATE DISCOUNT_COUPON SET USER_ID = ? WHERE (ID = ?)
	bind => [2, 1]
[EL Fine]: sql: 2022-05-22 01:42:46.565--ServerSession(570794077)--Connection(851912430)--SELECT * from DISCOUNT_COUPON where USER_ID = '2'
]]></system-out>
    <system-err><![CDATA[SLF4J: Failed to load class "org.slf4j.impl.StaticLoggerBinder".
SLF4J: Defaulting to no-operation (NOP) logger implementation
SLF4J: See http://www.slf4j.org/codes.html#StaticLoggerBinder for further details.
Sun May 22 01:42:44 CEST 2022 WARN: Establishing SSL connection without server's identity verification is not recommended. According to MySQL 5.5.45+, 5.6.26+ and 5.7.6+ requirements SSL connection must be established by default if explicit option isn't set. For compliance with existing applications not using SSL the verifyServerCertificate property is set to 'false'. You need either to explicitly disable SSL by setting useSSL=false, or set useSSL=true and provide truststore for server certificate verification.
Sun May 22 01:42:46 CEST 2022 WARN: Establishing SSL connection without server's identity verification is not recommended. According to MySQL 5.5.45+, 5.6.26+ and 5.7.6+ requirements SSL connection must be established by default if explicit option isn't set. For compliance with existing applications not using SSL the verifyServerCertificate property is set to 'false'. You need either to explicitly disable SSL by setting useSSL=false, or set useSSL=true and provide truststore for server certificate verification.
]]></system-err>
  </testcase>
  <testcase name="COUPON01_createCoupon" classname="sk.stuba.fei.uim.vsa.pr1a.groupa.CouponTest" time="0.222"/>
  <testcase name="COUPON05_createAndDeleteCoupon" classname="sk.stuba.fei.uim.vsa.pr1a.groupa.CouponTest" time="0.226"/>
  <testcase name="COUPON06_createCouponAndCreateReservationAndEndReservationWithCoupon" classname="sk.stuba.fei.uim.vsa.pr1a.groupa.CouponTest" time="3.275"/>
  <testcase name="COUPON02_createCouponAndGiveItToUser" classname="sk.stuba.fei.uim.vsa.pr1a.groupa.CouponTest" time="0.234"/>
  <testcase name="COUPON03_createAndGetCoupon" classname="sk.stuba.fei.uim.vsa.pr1a.groupa.CouponTest" time="0.209"/>
</testsuite>
<testsuite xmlns:xsi="http://www.w3.org/2001/XMLSchema-instance" xsi:noNamespaceSchemaLocation="https://maven.apache.org/surefire/maven-surefire-plugin/xsd/surefire-test-report.xsd" name="sk.stuba.fei.uim.vsa.pr1a.tests.CarParkFloorTest" time="0.686" tests="3" errors="0" skipped="0" failures="2">
  <properties>
[...]
</properties>
  <testcase name="FLOOR01_createAndGetCarParkFloor" classname="sk.stuba.fei.uim.vsa.pr1a.tests.CarParkFloorTest" time="0.231"/>
  <testcase name="FLOOR03_createAndDeleteCarParkFloor" classname="sk.stuba.fei.uim.vsa.pr1a.tests.CarParkFloorTest" time="0.224">
    <failure message="expected: not &lt;null&gt;" type="org.opentest4j.AssertionFailedError"><![CDATA[org.opentest4j.AssertionFailedError: expected: not <null>
	at sk.stuba.fei.uim.vsa.pr1a.tests.CarParkFloorTest.FLOOR03_createAndDeleteCarParkFloor(CarParkFloorTest.java:100)
]]></failure>
    <system-out><![CDATA[[EL Fine]: sql: 2022-05-22 01:42:51.238--ClientSession(864221358)--Connection(851912430)--INSERT INTO CAR_PARK (ID, ADDRESS, NAME, PRICEPERHOUR) VALUES (?, ?, ?, ?)
	bind => [17, Ulica 123, TestCarPark, 12]
[EL Fine]: sql: 2022-05-22 01:42:51.243--ClientSession(1250499735)--Connection(851912430)--INSERT INTO CAR_PARK_FLOOR (ID, CARPARK_ID, FLOORIDENTIFIER) VALUES (?, ?, ?)
	bind => [18, 17, Floor 1-1]
[TEST LOG] 2022-05-22 : WARNING: More than one potential id field find on object of class sk.stuba.fei.uim.vsa.pr1a.entities.CarParkFloor
[TEST LOG] 2022-05-22 : WARNING: More than one potential id field find on object of class sk.stuba.fei.uim.vsa.pr1a.entities.CarParkFloor
]]></system-out>
  </testcase>
  <testcase name="FLOOR02_createAndGetAllCarParks" classname="sk.stuba.fei.uim.vsa.pr1a.tests.CarParkFloorTest" time="0.211">
    <failure message="expected: &lt;2&gt; but was: &lt;1&gt;" type="org.opentest4j.AssertionFailedError"><![CDATA[org.opentest4j.AssertionFailedError: expected: <2> but was: <1>
	at sk.stuba.fei.uim.vsa.pr1a.tests.CarParkFloorTest.FLOOR02_createAndGetAllCarParks(CarParkFloorTest.java:68)
]]></failure>
    <system-out><![CDATA[[EL Fine]: sql: 2022-05-22 01:42:51.442--ClientSession(1406253491)--Connection(851912430)--INSERT INTO CAR_PARK (ID, ADDRESS, NAME, PRICEPERHOUR) VALUES (?, ?, ?, ?)
	bind => [19, Ulica 123, TestCarPark, 12]
[EL Fine]: sql: 2022-05-22 01:42:51.447--ClientSession(576894497)--Connection(851912430)--INSERT INTO CAR_PARK_FLOOR (ID, CARPARK_ID, FLOORIDENTIFIER) VALUES (?, ?, ?)
	bind => [20, 19, Floor 1-1]
[TEST LOG] 2022-05-22 : WARNING: More than one potential id field find on object of class sk.stuba.fei.uim.vsa.pr1a.entities.CarParkFloor
[EL Fine]: sql: 2022-05-22 01:42:51.452--ClientSession(1340848245)--Connection(851912430)--INSERT INTO CAR_PARK_FLOOR (ID, CARPARK_ID, FLOORIDENTIFIER) VALUES (?, ?, ?)
	bind => [21, 19, Floor 1.2]
[TEST LOG] 2022-05-22 : WARNING: More than one potential id field find on object of class sk.stuba.fei.uim.vsa.pr1a.entities.CarParkFloor
[EL Fine]: sql: 2022-05-22 01:42:51.457--ServerSession(570794077)--Connection(851912430)--SELECT * from CAR_PARK_FLOOR where CARPARK_ID = '19'
]]></system-out>
  </testcase>
</testsuite>
<testsuite xmlns:xsi="http://www.w3.org/2001/XMLSchema-instance" xsi:noNamespaceSchemaLocation="https://maven.apache.org/surefire/maven-surefire-plugin/xsd/surefire-test-report.xsd" name="sk.stuba.fei.uim.vsa.pr1a.tests.CarParkTest" time="1.044" tests="5" errors="0" skipped="0" failures="1">
  <properties>
[...]
</properties>
  <testcase name="PARK06_deleteCarParkTest" classname="sk.stuba.fei.uim.vsa.pr1a.tests.CarParkTest" time="0.217"/>
  <testcase name="PARK03_uniqueCarParkNameTest" classname="sk.stuba.fei.uim.vsa.pr1a.tests.CarParkTest" time="0.216"/>
  <testcase name="PARK04_getCarParksTest" classname="sk.stuba.fei.uim.vsa.pr1a.tests.CarParkTest" time="0.2">
    <failure message="expected: &lt;2&gt; but was: &lt;1&gt;" type="org.opentest4j.AssertionFailedError"><![CDATA[org.opentest4j.AssertionFailedError: expected: <2> but was: <1>
	at sk.stuba.fei.uim.vsa.pr1a.tests.CarParkTest.PARK04_getCarParksTest(CarParkTest.java:118)
]]></failure>
    <system-out><![CDATA[[EL Fine]: sql: 2022-05-22 01:42:52.12--ClientSession(1659515968)--Connection(851912430)--INSERT INTO CAR_PARK (ID, ADDRESS, NAME, PRICEPERHOUR) VALUES (?, ?, ?, ?)
	bind => [25, test11, CAR-PARK-1-1, 10]
[EL Fine]: sql: 2022-05-22 01:42:52.126--ClientSession(1718322084)--Connection(851912430)--INSERT INTO CAR_PARK (ID, ADDRESS, NAME, PRICEPERHOUR) VALUES (?, ?, ?, ?)
	bind => [26, test12, CAR-PARK-1-2, 20]
[EL Fine]: sql: 2022-05-22 01:42:52.131--ServerSession(570794077)--Connection(851912430)--select * from CAR_PARK
]]></system-out>
  </testcase>
  <testcase name="PARK02_createAndGetCarParkByName" classname="sk.stuba.fei.uim.vsa.pr1a.tests.CarParkTest" time="0.19"/>
  <testcase name="PARK01_createAndGetCarParkTest" classname="sk.stuba.fei.uim.vsa.pr1a.tests.CarParkTest" time="0.188"/>
</testsuite>
<testsuite xmlns:xsi="http://www.w3.org/2001/XMLSchema-instance" xsi:noNamespaceSchemaLocation="https://maven.apache.org/surefire/maven-surefire-plugin/xsd/surefire-test-report.xsd" name="sk.stuba.fei.uim.vsa.pr1a.tests.CarTest" time="1.059" tests="5" errors="0" skipped="0" failures="1">
  <properties>
[...]
</properties>
  <testcase name="CAR02_shouldGetCarById" classname="sk.stuba.fei.uim.vsa.pr1a.tests.CarTest" time="0.2"/>
  <testcase name="CAR02_shouldGetCarByECV" classname="sk.stuba.fei.uim.vsa.pr1a.tests.CarTest" time="0.209"/>
  <testcase name="CAR04_shouldGetCarsByUser" classname="sk.stuba.fei.uim.vsa.pr1a.tests.CarTest" time="0.198">
    <failure message="expected: &lt;sk.stuba.fei.uim.vsa.pr1a.entities.Car&gt; but was: &lt;java.util.Vector&gt;" type="org.opentest4j.AssertionFailedError"><![CDATA[org.opentest4j.AssertionFailedError: expected: <sk.stuba.fei.uim.vsa.pr1a.entities.Car> but was: <java.util.Vector>
	at sk.stuba.fei.uim.vsa.pr1a.tests.CarTest.CAR04_shouldGetCarsByUser(CarTest.java:82)
]]></failure>
    <system-out><![CDATA[[EL Fine]: sql: 2022-05-22 01:42:53.14--ClientSession(1959451969)--Connection(851912430)--INSERT INTO USER (ID, EMAIL, FIRSTNAME, LASTNAME) VALUES (?, ?, ?, ?)
	bind => [33, jozko.mrkvicka@example.com, Jožko, Mrkvička]
[EL Fine]: sql: 2022-05-22 01:42:53.145--ClientSession(2000648320)--Connection(851912430)--INSERT INTO CAR (ID, BRAND, COLOUR, MODEL, VEHICLEREGISTRATIONPLATE, USER_ID) VALUES (?, ?, ?, ?, ?, ?)
	bind => [34, Audi, black, A7, BL798XX, 33]
[EL Fine]: sql: 2022-05-22 01:42:53.15--ServerSession(570794077)--Connection(851912430)--select * from USER
[EL Fine]: sql: 2022-05-22 01:42:53.151--ServerSession(570794077)--Connection(851912430)--SELECT * from CAR where USER_ID = 'null'
]]></system-out>
  </testcase>
  <testcase name="CAR01_shouldCreateCar" classname="sk.stuba.fei.uim.vsa.pr1a.tests.CarTest" time="0.203"/>
  <testcase name="CAR06_shouldDeleteCar" classname="sk.stuba.fei.uim.vsa.pr1a.tests.CarTest" time="0.217"/>
</testsuite>
<testsuite xmlns:xsi="http://www.w3.org/2001/XMLSchema-instance" xsi:noNamespaceSchemaLocation="https://maven.apache.org/surefire/maven-surefire-plugin/xsd/surefire-test-report.xsd" name="sk.stuba.fei.uim.vsa.pr1a.tests.ParkingSpotAndReservationWithoutTypeTest" time="0.545" tests="2" errors="0" skipped="0" failures="2">
  <properties>
[...]
</properties>
  <testcase name="SPOT_RES_01_getAvailableSpotsTest" classname="sk.stuba.fei.uim.vsa.pr1a.tests.ParkingSpotAndReservationWithoutTypeTest" time="0.248">
    <failure message="expected: &lt;1&gt; but was: &lt;2&gt;" type="org.opentest4j.AssertionFailedError"><![CDATA[org.opentest4j.AssertionFailedError: expected: <1> but was: <2>
	at sk.stuba.fei.uim.vsa.pr1a.tests.ParkingSpotAndReservationWithoutTypeTest.SPOT_RES_01_getAvailableSpotsTest(ParkingSpotAndReservationWithoutTypeTest.java:78)
]]></failure>
    <system-out><![CDATA[car park class: sk.stuba.fei.uim.vsa.pr1a.CarParkService
[EL Fine]: sql: 2022-05-22 01:42:53.798--ClientSession(620456576)--Connection(851912430)--INSERT INTO CAR_PARK (ID, ADDRESS, NAME, PRICEPERHOUR) VALUES (?, ?, ?, ?)
	bind => [39, testtest, test7, 12]
[EL Fine]: sql: 2022-05-22 01:42:53.802--ClientSession(418513504)--Connection(851912430)--INSERT INTO CAR_PARK_FLOOR (ID, CARPARK_ID, FLOORIDENTIFIER) VALUES (?, ?, ?)
	bind => [40, 39, Floor1]
[EL Fine]: sql: 2022-05-22 01:42:53.807--ClientSession(61426020)--Connection(851912430)--INSERT INTO CAR_PARK_FLOOR (ID, CARPARK_ID, FLOORIDENTIFIER) VALUES (?, ?, ?)
	bind => [41, 39, Floor2]
[EL Fine]: sql: 2022-05-22 01:42:53.811--ServerSession(570794077)--Connection(851912430)--SELECT * from CAR_PARK_FLOOR where FLOORIDENTIFIER = 'Floor1' AND CARPARK_ID = '39'
[EL Fine]: sql: 2022-05-22 01:42:53.812--ServerSession(570794077)--Connection(851912430)--SELECT * from CAR_PARK_FLOOR where FLOORIDENTIFIER = 'Floor1' AND CARPARK_ID = '39'
[EL Fine]: sql: 2022-05-22 01:42:53.813--ServerSession(570794077)--Connection(851912430)--SELECT ID, BRAND, COLOUR, MODEL, VEHICLEREGISTRATIONPLATE, USER_ID FROM CAR WHERE (ID = ?)
	bind => [20]
[EL Fine]: sql: 2022-05-22 01:42:53.815--ClientSession(1079125839)--Connection(851912430)--INSERT INTO PARKING_SPOT (ID, FLOORIDENTIFIER, SPOTIDENTIFIER, CARPARK_ID, CARPARKFLOOR_ID, CAR_ID) VALUES (?, ?, ?, ?, ?, ?)
	bind => [42, Floor1, 1.1, 39, 40, null]
[EL Fine]: sql: 2022-05-22 01:42:53.819--ServerSession(570794077)--Connection(851912430)--SELECT * from CAR_PARK_FLOOR where FLOORIDENTIFIER = 'Floor1' AND CARPARK_ID = '39'
[EL Fine]: sql: 2022-05-22 01:42:53.82--ServerSession(570794077)--Connection(851912430)--SELECT * from CAR_PARK_FLOOR where FLOORIDENTIFIER = 'Floor1' AND CARPARK_ID = '39'
[EL Fine]: sql: 2022-05-22 01:42:53.821--ServerSession(570794077)--Connection(851912430)--SELECT ID, BRAND, COLOUR, MODEL, VEHICLEREGISTRATIONPLATE, USER_ID FROM CAR WHERE (ID = ?)
	bind => [20]
[EL Fine]: sql: 2022-05-22 01:42:53.822--ClientSession(1947941827)--Connection(851912430)--INSERT INTO PARKING_SPOT (ID, FLOORIDENTIFIER, SPOTIDENTIFIER, CARPARK_ID, CARPARKFLOOR_ID, CAR_ID) VALUES (?, ?, ?, ?, ?, ?)
	bind => [43, Floor1, 1.2, 39, 40, null]
[EL Fine]: sql: 2022-05-22 01:42:53.829--ServerSession(570794077)--Connection(851912430)--SELECT * from CAR_PARK_FLOOR where FLOORIDENTIFIER = 'Floor2' AND CARPARK_ID = '39'
[EL Fine]: sql: 2022-05-22 01:42:53.83--ServerSession(570794077)--Connection(851912430)--SELECT * from CAR_PARK_FLOOR where FLOORIDENTIFIER = 'Floor2' AND CARPARK_ID = '39'
[EL Fine]: sql: 2022-05-22 01:42:53.831--ServerSession(570794077)--Connection(851912430)--SELECT ID, BRAND, COLOUR, MODEL, VEHICLEREGISTRATIONPLATE, USER_ID FROM CAR WHERE (ID = ?)
	bind => [20]
[EL Fine]: sql: 2022-05-22 01:42:53.832--ClientSession(1690233783)--Connection(851912430)--INSERT INTO PARKING_SPOT (ID, FLOORIDENTIFIER, SPOTIDENTIFIER, CARPARK_ID, CARPARKFLOOR_ID, CAR_ID) VALUES (?, ?, ?, ?, ?, ?)
	bind => [44, Floor2, 2.1, 39, 41, null]
[EL Fine]: sql: 2022-05-22 01:42:53.836--ServerSession(570794077)--Connection(851912430)--SELECT * from CAR_PARK_FLOOR where FLOORIDENTIFIER = 'Floor2' AND CARPARK_ID = '39'
[EL Fine]: sql: 2022-05-22 01:42:53.837--ServerSession(570794077)--Connection(851912430)--SELECT * from CAR_PARK_FLOOR where FLOORIDENTIFIER = 'Floor2' AND CARPARK_ID = '39'
[EL Fine]: sql: 2022-05-22 01:42:53.838--ServerSession(570794077)--Connection(851912430)--SELECT ID, BRAND, COLOUR, MODEL, VEHICLEREGISTRATIONPLATE, USER_ID FROM CAR WHERE (ID = ?)
	bind => [20]
[EL Fine]: sql: 2022-05-22 01:42:53.839--ClientSession(1632789609)--Connection(851912430)--INSERT INTO PARKING_SPOT (ID, FLOORIDENTIFIER, SPOTIDENTIFIER, CARPARK_ID, CARPARKFLOOR_ID, CAR_ID) VALUES (?, ?, ?, ?, ?, ?)
	bind => [45, Floor2, 2.2, 39, 41, null]
[EL Fine]: sql: 2022-05-22 01:42:53.844--ServerSession(570794077)--Connection(851912430)--SELECT * from CAR_PARK where NAME = 'test7'
[EL Fine]: sql: 2022-05-22 01:42:53.845--ServerSession(570794077)--Connection(851912430)--SELECT * from CAR_PARK_FLOOR where CARPARK_ID = '39'
[EL Fine]: sql: 2022-05-22 01:42:53.846--ServerSession(570794077)--Connection(851912430)--SELECT * from PARKING_SPOT where FLOORIDENTIFIER = 'Floor1' AND CARPARK_ID =  '39' AND CAR_ID IS NULL  
[EL Fine]: sql: 2022-05-22 01:42:53.847--ServerSession(570794077)--Connection(851912430)--SELECT * from PARKING_SPOT where FLOORIDENTIFIER = 'Floor2' AND CARPARK_ID =  '39' AND CAR_ID IS NULL  
]]></system-out>
    <system-err><![CDATA[Sun May 22 01:42:53 CEST 2022 WARN: Establishing SSL connection without server's identity verification is not recommended. According to MySQL 5.5.45+, 5.6.26+ and 5.7.6+ requirements SSL connection must be established by default if explicit option isn't set. For compliance with existing applications not using SSL the verifyServerCertificate property is set to 'false'. You need either to explicitly disable SSL by setting useSSL=false, or set useSSL=true and provide truststore for server certificate verification.
]]></system-err>
  </testcase>
  <testcase name="SPOT_RES_02_getOccupiedParkingSpotsWithoutTypeTest" classname="sk.stuba.fei.uim.vsa.pr1a.tests.ParkingSpotAndReservationWithoutTypeTest" time="0.271">
    <failure type="org.opentest4j.AssertionFailedError:">org.opentest4j.AssertionFailedError: 
	at sk.stuba.fei.uim.vsa.pr1a.tests.ParkingSpotAndReservationWithoutTypeTest.SPOT_RES_02_getOccupiedParkingSpotsWithoutTypeTest(ParkingSpotAndReservationWithoutTypeTest.java:329)
</failure>
    <system-out><![CDATA[[EL Fine]: sql: 2022-05-22 01:42:54.058--ClientSession(1924990666)--Connection(851912430)--INSERT INTO CAR_PARK (ID, ADDRESS, NAME, PRICEPERHOUR) VALUES (?, ?, ?, ?)
	bind => [46, testtest, test7, 12]
[EL Fine]: sql: 2022-05-22 01:42:54.064--ClientSession(1023996917)--Connection(851912430)--INSERT INTO CAR_PARK_FLOOR (ID, CARPARK_ID, FLOORIDENTIFIER) VALUES (?, ?, ?)
	bind => [47, 46, Floor1]
[EL Fine]: sql: 2022-05-22 01:42:54.069--ClientSession(2144644334)--Connection(851912430)--INSERT INTO CAR_PARK_FLOOR (ID, CARPARK_ID, FLOORIDENTIFIER) VALUES (?, ?, ?)
	bind => [48, 46, Floor2]
[EL Fine]: sql: 2022-05-22 01:42:54.074--ServerSession(570794077)--Connection(851912430)--SELECT * from CAR_PARK_FLOOR where FLOORIDENTIFIER = 'Floor1' AND CARPARK_ID = '46'
[EL Fine]: sql: 2022-05-22 01:42:54.075--ServerSession(570794077)--Connection(851912430)--SELECT * from CAR_PARK_FLOOR where FLOORIDENTIFIER = 'Floor1' AND CARPARK_ID = '46'
[EL Fine]: sql: 2022-05-22 01:42:54.076--ServerSession(570794077)--Connection(851912430)--SELECT ID, BRAND, COLOUR, MODEL, VEHICLEREGISTRATIONPLATE, USER_ID FROM CAR WHERE (ID = ?)
	bind => [20]
[EL Fine]: sql: 2022-05-22 01:42:54.078--ClientSession(82275756)--Connection(851912430)--INSERT INTO PARKING_SPOT (ID, FLOORIDENTIFIER, SPOTIDENTIFIER, CARPARK_ID, CARPARKFLOOR_ID, CAR_ID) VALUES (?, ?, ?, ?, ?, ?)
	bind => [49, Floor1, 1.1, 46, 47, null]
[EL Fine]: sql: 2022-05-22 01:42:54.083--ServerSession(570794077)--Connection(851912430)--SELECT * from CAR_PARK_FLOOR where FLOORIDENTIFIER = 'Floor1' AND CARPARK_ID = '46'
[EL Fine]: sql: 2022-05-22 01:42:54.084--ServerSession(570794077)--Connection(851912430)--SELECT * from CAR_PARK_FLOOR where FLOORIDENTIFIER = 'Floor1' AND CARPARK_ID = '46'
[EL Fine]: sql: 2022-05-22 01:42:54.085--ServerSession(570794077)--Connection(851912430)--SELECT ID, BRAND, COLOUR, MODEL, VEHICLEREGISTRATIONPLATE, USER_ID FROM CAR WHERE (ID = ?)
	bind => [20]
[EL Fine]: sql: 2022-05-22 01:42:54.086--ClientSession(2024711353)--Connection(851912430)--INSERT INTO PARKING_SPOT (ID, FLOORIDENTIFIER, SPOTIDENTIFIER, CARPARK_ID, CARPARKFLOOR_ID, CAR_ID) VALUES (?, ?, ?, ?, ?, ?)
	bind => [50, Floor1, 1.2, 46, 47, null]
[EL Fine]: sql: 2022-05-22 01:42:54.09--ServerSession(570794077)--Connection(851912430)--SELECT * from CAR_PARK_FLOOR where FLOORIDENTIFIER = 'Floor2' AND CARPARK_ID = '46'
[EL Fine]: sql: 2022-05-22 01:42:54.092--ServerSession(570794077)--Connection(851912430)--SELECT * from CAR_PARK_FLOOR where FLOORIDENTIFIER = 'Floor2' AND CARPARK_ID = '46'
[EL Fine]: sql: 2022-05-22 01:42:54.093--ServerSession(570794077)--Connection(851912430)--SELECT ID, BRAND, COLOUR, MODEL, VEHICLEREGISTRATIONPLATE, USER_ID FROM CAR WHERE (ID = ?)
	bind => [20]
[EL Fine]: sql: 2022-05-22 01:42:54.094--ClientSession(1878700101)--Connection(851912430)--UPDATE SEQUENCE SET SEQ_COUNT = SEQ_COUNT + ? WHERE SEQ_NAME = ?
	bind => [50, SEQ_GEN]
[EL Fine]: sql: 2022-05-22 01:42:54.094--ClientSession(1878700101)--Connection(851912430)--SELECT SEQ_COUNT FROM SEQUENCE WHERE SEQ_NAME = ?
	bind => [SEQ_GEN]
[EL Fine]: sql: 2022-05-22 01:42:54.099--ClientSession(1878700101)--Connection(851912430)--INSERT INTO PARKING_SPOT (ID, FLOORIDENTIFIER, SPOTIDENTIFIER, CARPARK_ID, CARPARKFLOOR_ID, CAR_ID) VALUES (?, ?, ?, ?, ?, ?)
	bind => [51, Floor2, 2.1, 46, 48, null]
[EL Fine]: sql: 2022-05-22 01:42:54.103--ServerSession(570794077)--Connection(851912430)--SELECT * from CAR_PARK_FLOOR where FLOORIDENTIFIER = 'Floor2' AND CARPARK_ID = '46'
[EL Fine]: sql: 2022-05-22 01:42:54.105--ServerSession(570794077)--Connection(851912430)--SELECT * from CAR_PARK_FLOOR where FLOORIDENTIFIER = 'Floor2' AND CARPARK_ID = '46'
[EL Fine]: sql: 2022-05-22 01:42:54.107--ServerSession(570794077)--Connection(851912430)--SELECT ID, BRAND, COLOUR, MODEL, VEHICLEREGISTRATIONPLATE, USER_ID FROM CAR WHERE (ID = ?)
	bind => [20]
[EL Fine]: sql: 2022-05-22 01:42:54.108--ClientSession(756080817)--Connection(851912430)--INSERT INTO PARKING_SPOT (ID, FLOORIDENTIFIER, SPOTIDENTIFIER, CARPARK_ID, CARPARKFLOOR_ID, CAR_ID) VALUES (?, ?, ?, ?, ?, ?)
	bind => [52, Floor2, 2.2, 46, 48, null]
[EL Fine]: sql: 2022-05-22 01:42:54.113--ServerSession(570794077)--Connection(851912430)--SELECT * from CAR_PARK where NAME = 'test7'
[EL Fine]: sql: 2022-05-22 01:42:54.114--ServerSession(570794077)--Connection(851912430)--SELECT * from CAR_PARK_FLOOR where CARPARK_ID = '46'
[EL Fine]: sql: 2022-05-22 01:42:54.115--ServerSession(570794077)--Connection(851912430)--SELECT * from PARKING_SPOT where FLOORIDENTIFIER = 'Floor1' AND CARPARK_ID =  '46' AND CAR_ID IS NOT NULL  
[EL Fine]: sql: 2022-05-22 01:42:54.118--ServerSession(570794077)--Connection(851912430)--SELECT * from PARKING_SPOT where FLOORIDENTIFIER = 'Floor2' AND CARPARK_ID =  '46' AND CAR_ID IS NOT NULL  
]]></system-out>
  </testcase>
</testsuite>
<testsuite xmlns:xsi="http://www.w3.org/2001/XMLSchema-instance" xsi:noNamespaceSchemaLocation="https://maven.apache.org/surefire/maven-surefire-plugin/xsd/surefire-test-report.xsd" name="sk.stuba.fei.uim.vsa.pr1a.tests.ParkingSpotTest" time="1.361" tests="6" errors="1" skipped="0" failures="3">
  <properties>
[...]
</properties>
  <testcase name="SPOT06_uniqueNameForParkingSpotWithoutType" classname="sk.stuba.fei.uim.vsa.pr1a.tests.ParkingSpotTest" time="0.222">
    <error message="&#10;Exception Description: No transaction is currently active" type="java.lang.IllegalStateException">java.lang.IllegalStateException: 

Exception Description: No transaction is currently active
	at sk.stuba.fei.uim.vsa.pr1a.tests.ParkingSpotTest.SPOT06_uniqueNameForParkingSpotWithoutType(ParkingSpotTest.java:337)
</error>
    <system-out><![CDATA[car park class: sk.stuba.fei.uim.vsa.pr1a.CarParkService
[EL Fine]: sql: 2022-05-22 01:42:54.347--ClientSession(905847077)--Connection(851912430)--INSERT INTO CAR_PARK (ID, ADDRESS, NAME, PRICEPERHOUR) VALUES (?, ?, ?, ?)
	bind => [53, testtest, test7, 12]
[EL Fine]: sql: 2022-05-22 01:42:54.351--ClientSession(1622613647)--Connection(851912430)--INSERT INTO CAR_PARK_FLOOR (ID, CARPARK_ID, FLOORIDENTIFIER) VALUES (?, ?, ?)
	bind => [54, 53, Floor1]
[EL Fine]: sql: 2022-05-22 01:42:54.355--ServerSession(570794077)--Connection(851912430)--SELECT * from CAR_PARK_FLOOR where FLOORIDENTIFIER = 'Floor1' AND CARPARK_ID = '53'
[EL Fine]: sql: 2022-05-22 01:42:54.357--ServerSession(570794077)--Connection(851912430)--SELECT * from CAR_PARK_FLOOR where FLOORIDENTIFIER = 'Floor1' AND CARPARK_ID = '53'
[EL Fine]: sql: 2022-05-22 01:42:54.358--ServerSession(570794077)--Connection(851912430)--SELECT ID, BRAND, COLOUR, MODEL, VEHICLEREGISTRATIONPLATE, USER_ID FROM CAR WHERE (ID = ?)
	bind => [20]
[EL Fine]: sql: 2022-05-22 01:42:54.359--ClientSession(727860268)--Connection(851912430)--INSERT INTO PARKING_SPOT (ID, FLOORIDENTIFIER, SPOTIDENTIFIER, CARPARK_ID, CARPARKFLOOR_ID, CAR_ID) VALUES (?, ?, ?, ?, ?, ?)
	bind => [55, Floor1, 1.1, 53, 54, null]
[EL Fine]: sql: 2022-05-22 01:42:54.364--ClientSession(1338958728)--Connection(851912430)--INSERT INTO CAR_PARK (ID, ADDRESS, NAME, PRICEPERHOUR) VALUES (?, ?, ?, ?)
	bind => [56, testtest, test8, 12]
[EL Fine]: sql: 2022-05-22 01:42:54.364--ClientSession(1338958728)--SELECT 1
[EL Warning]: 2022-05-22 01:42:54.365--UnitOfWork(988904418)--Exception [EclipseLink-4002] (Eclipse Persistence Services - 2.7.10.v20211216-fe64cd39c3): org.eclipse.persistence.exceptions.DatabaseException
Internal Exception: com.mysql.jdbc.exceptions.jdbc4.MySQLIntegrityConstraintViolationException: Duplicate entry 'testtest' for key 'ADDRESS'
Error Code: 1062
Call: INSERT INTO CAR_PARK (ID, ADDRESS, NAME, PRICEPERHOUR) VALUES (?, ?, ?, ?)
	bind => [56, testtest, test8, 12]
Query: InsertObjectQuery(Name{id=56, name=test8, address=testtest, pricePerHour=12}
)
]]></system-out>
    <system-err><![CDATA[Sun May 22 01:42:54 CEST 2022 WARN: Establishing SSL connection without server's identity verification is not recommended. According to MySQL 5.5.45+, 5.6.26+ and 5.7.6+ requirements SSL connection must be established by default if explicit option isn't set. For compliance with existing applications not using SSL the verifyServerCertificate property is set to 'false'. You need either to explicitly disable SSL by setting useSSL=false, or set useSSL=true and provide truststore for server certificate verification.
javax.persistence.RollbackException: Exception [EclipseLink-4002] (Eclipse Persistence Services - 2.7.10.v20211216-fe64cd39c3): org.eclipse.persistence.exceptions.DatabaseException
Internal Exception: com.mysql.jdbc.exceptions.jdbc4.MySQLIntegrityConstraintViolationException: Duplicate entry 'testtest' for key 'ADDRESS'
Error Code: 1062
Call: INSERT INTO CAR_PARK (ID, ADDRESS, NAME, PRICEPERHOUR) VALUES (?, ?, ?, ?)
	bind => [56, testtest, test8, 12]
Query: InsertObjectQuery(Name{id=56, name=test8, address=testtest, pricePerHour=12}
)
	at org.eclipse.persistence.internal.jpa.transaction.EntityTransactionImpl.commit(EntityTransactionImpl.java:161)
	at sk.stuba.fei.uim.vsa.pr1a.CarParkService.persist(CarParkService.java:603)
	at sk.stuba.fei.uim.vsa.pr1a.CarParkService.createCarPark(CarParkService.java:15)
	at sk.stuba.fei.uim.vsa.pr1a.tests.ParkingSpotTest.SPOT06_uniqueNameForParkingSpotWithoutType(ParkingSpotTest.java:337)
	at sun.reflect.NativeMethodAccessorImpl.invoke0(Native Method)
	at sun.reflect.NativeMethodAccessorImpl.invoke(NativeMethodAccessorImpl.java:62)
	at sun.reflect.DelegatingMethodAccessorImpl.invoke(DelegatingMethodAccessorImpl.java:43)
	at java.lang.reflect.Method.invoke(Method.java:498)
	at org.junit.platform.commons.util.ReflectionUtils.invokeMethod(ReflectionUtils.java:725)
	at org.junit.jupiter.engine.execution.MethodInvocation.proceed(MethodInvocation.java:60)
	at org.junit.jupiter.engine.execution.InvocationInterceptorChain$ValidatingInvocation.proceed(InvocationInterceptorChain.java:131)
	at org.junit.jupiter.engine.extension.TimeoutExtension.intercept(TimeoutExtension.java:149)
	at org.junit.jupiter.engine.extension.TimeoutExtension.interceptTestableMethod(TimeoutExtension.java:140)
	at org.junit.jupiter.engine.extension.TimeoutExtension.interceptTestMethod(TimeoutExtension.java:84)
	at org.junit.jupiter.engine.execution.ExecutableInvoker$ReflectiveInterceptorCall.lambda$ofVoidMethod$0(ExecutableInvoker.java:115)
	at org.junit.jupiter.engine.execution.ExecutableInvoker.lambda$invoke$0(ExecutableInvoker.java:105)
	at org.junit.jupiter.engine.execution.InvocationInterceptorChain$InterceptedInvocation.proceed(InvocationInterceptorChain.java:106)
	at org.junit.jupiter.engine.execution.InvocationInterceptorChain.proceed(InvocationInterceptorChain.java:64)
	at org.junit.jupiter.engine.execution.InvocationInterceptorChain.chainAndInvoke(InvocationInterceptorChain.java:45)
	at org.junit.jupiter.engine.execution.InvocationInterceptorChain.invoke(InvocationInterceptorChain.java:37)
	at org.junit.jupiter.engine.execution.ExecutableInvoker.invoke(ExecutableInvoker.java:104)
	at org.junit.jupiter.engine.execution.ExecutableInvoker.invoke(ExecutableInvoker.java:98)
	at org.junit.jupiter.engine.descriptor.TestMethodTestDescriptor.lambda$invokeTestMethod$7(TestMethodTestDescriptor.java:214)
	at org.junit.platform.engine.support.hierarchical.ThrowableCollector.execute(ThrowableCollector.java:73)
	at org.junit.jupiter.engine.descriptor.TestMethodTestDescriptor.invokeTestMethod(TestMethodTestDescriptor.java:210)
	at org.junit.jupiter.engine.descriptor.TestMethodTestDescriptor.execute(TestMethodTestDescriptor.java:135)
	at org.junit.jupiter.engine.descriptor.TestMethodTestDescriptor.execute(TestMethodTestDescriptor.java:66)
	at org.junit.platform.engine.support.hierarchical.NodeTestTask.lambda$executeRecursively$6(NodeTestTask.java:151)
	at org.junit.platform.engine.support.hierarchical.ThrowableCollector.execute(ThrowableCollector.java:73)
	at org.junit.platform.engine.support.hierarchical.NodeTestTask.lambda$executeRecursively$8(NodeTestTask.java:141)
	at org.junit.platform.engine.support.hierarchical.Node.around(Node.java:137)
	at org.junit.platform.engine.support.hierarchical.NodeTestTask.lambda$executeRecursively$9(NodeTestTask.java:139)
	at org.junit.platform.engine.support.hierarchical.ThrowableCollector.execute(ThrowableCollector.java:73)
	at org.junit.platform.engine.support.hierarchical.NodeTestTask.executeRecursively(NodeTestTask.java:138)
	at org.junit.platform.engine.support.hierarchical.NodeTestTask.execute(NodeTestTask.java:95)
	at java.util.ArrayList.forEach(ArrayList.java:1257)
	at org.junit.platform.engine.support.hierarchical.SameThreadHierarchicalTestExecutorService.invokeAll(SameThreadHierarchicalTestExecutorService.java:41)
	at org.junit.platform.engine.support.hierarchical.NodeTestTask.lambda$executeRecursively$6(NodeTestTask.java:155)
	at org.junit.platform.engine.support.hierarchical.ThrowableCollector.execute(ThrowableCollector.java:73)
	at org.junit.platform.engine.support.hierarchical.NodeTestTask.lambda$executeRecursively$8(NodeTestTask.java:141)
	at org.junit.platform.engine.support.hierarchical.Node.around(Node.java:137)
	at org.junit.platform.engine.support.hierarchical.NodeTestTask.lambda$executeRecursively$9(NodeTestTask.java:139)
	at org.junit.platform.engine.support.hierarchical.ThrowableCollector.execute(ThrowableCollector.java:73)
	at org.junit.platform.engine.support.hierarchical.NodeTestTask.executeRecursively(NodeTestTask.java:138)
	at org.junit.platform.engine.support.hierarchical.NodeTestTask.execute(NodeTestTask.java:95)
	at java.util.ArrayList.forEach(ArrayList.java:1257)
	at org.junit.platform.engine.support.hierarchical.SameThreadHierarchicalTestExecutorService.invokeAll(SameThreadHierarchicalTestExecutorService.java:41)
	at org.junit.platform.engine.support.hierarchical.NodeTestTask.lambda$executeRecursively$6(NodeTestTask.java:155)
	at org.junit.platform.engine.support.hierarchical.ThrowableCollector.execute(ThrowableCollector.java:73)
	at org.junit.platform.engine.support.hierarchical.NodeTestTask.lambda$executeRecursively$8(NodeTestTask.java:141)
	at org.junit.platform.engine.support.hierarchical.Node.around(Node.java:137)
	at org.junit.platform.engine.support.hierarchical.NodeTestTask.lambda$executeRecursively$9(NodeTestTask.java:139)
	at org.junit.platform.engine.support.hierarchical.ThrowableCollector.execute(ThrowableCollector.java:73)
	at org.junit.platform.engine.support.hierarchical.NodeTestTask.executeRecursively(NodeTestTask.java:138)
	at org.junit.platform.engine.support.hierarchical.NodeTestTask.execute(NodeTestTask.java:95)
	at org.junit.platform.engine.support.hierarchical.SameThreadHierarchicalTestExecutorService.submit(SameThreadHierarchicalTestExecutorService.java:35)
	at org.junit.platform.engine.support.hierarchical.HierarchicalTestExecutor.execute(HierarchicalTestExecutor.java:57)
	at org.junit.platform.engine.support.hierarchical.HierarchicalTestEngine.execute(HierarchicalTestEngine.java:54)
	at org.junit.platform.launcher.core.DefaultLauncher.execute(DefaultLauncher.java:220)
	at org.junit.platform.launcher.core.DefaultLauncher.lambda$execute$6(DefaultLauncher.java:188)
	at org.junit.platform.launcher.core.DefaultLauncher.withInterceptedStreams(DefaultLauncher.java:202)
	at org.junit.platform.launcher.core.DefaultLauncher.execute(DefaultLauncher.java:181)
	at org.junit.platform.launcher.core.DefaultLauncher.execute(DefaultLauncher.java:128)
	at org.apache.maven.surefire.junitplatform.JUnitPlatformProvider.invokeAllTests(JUnitPlatformProvider.java:150)
	at org.apache.maven.surefire.junitplatform.JUnitPlatformProvider.invoke(JUnitPlatformProvider.java:124)
	at org.apache.maven.surefire.booter.ForkedBooter.invokeProviderInSameClassLoader(ForkedBooter.java:384)
	at org.apache.maven.surefire.booter.ForkedBooter.runSuitesInProcess(ForkedBooter.java:345)
	at org.apache.maven.surefire.booter.ForkedBooter.execute(ForkedBooter.java:126)
	at org.apache.maven.surefire.booter.ForkedBooter.main(ForkedBooter.java:418)
Caused by: Exception [EclipseLink-4002] (Eclipse Persistence Services - 2.7.10.v20211216-fe64cd39c3): org.eclipse.persistence.exceptions.DatabaseException
Internal Exception: com.mysql.jdbc.exceptions.jdbc4.MySQLIntegrityConstraintViolationException: Duplicate entry 'testtest' for key 'ADDRESS'
Error Code: 1062
Call: INSERT INTO CAR_PARK (ID, ADDRESS, NAME, PRICEPERHOUR) VALUES (?, ?, ?, ?)
	bind => [56, testtest, test8, 12]
Query: InsertObjectQuery(Name{id=56, name=test8, address=testtest, pricePerHour=12}
)
	at org.eclipse.persistence.exceptions.DatabaseException.sqlException(DatabaseException.java:333)
	at org.eclipse.persistence.internal.databaseaccess.DatabaseAccessor.executeDirectNoSelect(DatabaseAccessor.java:908)
	at org.eclipse.persistence.internal.databaseaccess.DatabaseAccessor.executeNoSelect(DatabaseAccessor.java:970)
	at org.eclipse.persistence.internal.databaseaccess.DatabaseAccessor.basicExecuteCall(DatabaseAccessor.java:640)
	at org.eclipse.persistence.internal.databaseaccess.DatabaseAccessor.executeCall(DatabaseAccessor.java:567)
	at org.eclipse.persistence.internal.sessions.AbstractSession.basicExecuteCall(AbstractSession.java:2105)
	at org.eclipse.persistence.sessions.server.ClientSession.executeCall(ClientSession.java:313)
	at org.eclipse.persistence.internal.queries.DatasourceCallQueryMechanism.executeCall(DatasourceCallQueryMechanism.java:277)
	at org.eclipse.persistence.internal.queries.DatasourceCallQueryMechanism.executeCall(DatasourceCallQueryMechanism.java:263)
	at org.eclipse.persistence.internal.queries.DatasourceCallQueryMechanism.insertObject(DatasourceCallQueryMechanism.java:413)
	at org.eclipse.persistence.internal.queries.StatementQueryMechanism.insertObject(StatementQueryMechanism.java:167)
	at org.eclipse.persistence.internal.queries.StatementQueryMechanism.insertObject(StatementQueryMechanism.java:182)
	at org.eclipse.persistence.internal.queries.DatabaseQueryMechanism.insertObjectForWrite(DatabaseQueryMechanism.java:504)
	at org.eclipse.persistence.queries.InsertObjectQuery.executeCommit(InsertObjectQuery.java:82)
	at org.eclipse.persistence.queries.InsertObjectQuery.executeCommitWithChangeSet(InsertObjectQuery.java:92)
	at org.eclipse.persistence.internal.queries.DatabaseQueryMechanism.executeWriteWithChangeSet(DatabaseQueryMechanism.java:316)
	at org.eclipse.persistence.queries.WriteObjectQuery.executeDatabaseQuery(WriteObjectQuery.java:60)
	at org.eclipse.persistence.queries.DatabaseQuery.execute(DatabaseQuery.java:911)
	at org.eclipse.persistence.queries.DatabaseQuery.executeInUnitOfWork(DatabaseQuery.java:810)
	at org.eclipse.persistence.queries.ObjectLevelModifyQuery.executeInUnitOfWorkObjectLevelModifyQuery(ObjectLevelModifyQuery.java:110)
	at org.eclipse.persistence.queries.ObjectLevelModifyQuery.executeInUnitOfWork(ObjectLevelModifyQuery.java:87)
	at org.eclipse.persistence.internal.sessions.UnitOfWorkImpl.internalExecuteQuery(UnitOfWorkImpl.java:3004)
	at org.eclipse.persistence.internal.sessions.AbstractSession.executeQuery(AbstractSession.java:1898)
	at org.eclipse.persistence.internal.sessions.AbstractSession.executeQuery(AbstractSession.java:1880)
	at org.eclipse.persistence.internal.sessions.AbstractSession.executeQuery(AbstractSession.java:1830)
	at org.eclipse.persistence.internal.sessions.CommitManager.commitNewObjectsForClassWithChangeSet(CommitManager.java:229)
	at org.eclipse.persistence.internal.sessions.CommitManager.commitAllObjectsWithChangeSet(CommitManager.java:128)
	at org.eclipse.persistence.internal.sessions.AbstractSession.writeAllObjectsWithChangeSet(AbstractSession.java:4409)
	at org.eclipse.persistence.internal.sessions.UnitOfWorkImpl.commitToDatabase(UnitOfWorkImpl.java:1503)
	at org.eclipse.persistence.internal.sessions.UnitOfWorkImpl.commitToDatabaseWithChangeSet(UnitOfWorkImpl.java:1593)
	at org.eclipse.persistence.internal.sessions.RepeatableWriteUnitOfWork.commitRootUnitOfWork(RepeatableWriteUnitOfWork.java:280)
	at org.eclipse.persistence.internal.sessions.UnitOfWorkImpl.commitAndResume(UnitOfWorkImpl.java:1230)
	at org.eclipse.persistence.internal.jpa.transaction.EntityTransactionImpl.commit(EntityTransactionImpl.java:136)
	... 68 more
Caused by: com.mysql.jdbc.exceptions.jdbc4.MySQLIntegrityConstraintViolationException: Duplicate entry 'testtest' for key 'ADDRESS'
	at sun.reflect.NativeConstructorAccessorImpl.newInstance0(Native Method)
	at sun.reflect.NativeConstructorAccessorImpl.newInstance(NativeConstructorAccessorImpl.java:62)
	at sun.reflect.DelegatingConstructorAccessorImpl.newInstance(DelegatingConstructorAccessorImpl.java:45)
	at java.lang.reflect.Constructor.newInstance(Constructor.java:423)
	at com.mysql.jdbc.Util.handleNewInstance(Util.java:403)
	at com.mysql.jdbc.Util.getInstance(Util.java:386)
	at com.mysql.jdbc.SQLError.createSQLException(SQLError.java:936)
	at com.mysql.jdbc.MysqlIO.checkErrorPacket(MysqlIO.java:3933)
	at com.mysql.jdbc.MysqlIO.checkErrorPacket(MysqlIO.java:3869)
	at com.mysql.jdbc.MysqlIO.sendCommand(MysqlIO.java:2524)
	at com.mysql.jdbc.MysqlIO.sqlQueryDirect(MysqlIO.java:2675)
	at com.mysql.jdbc.ConnectionImpl.execSQL(ConnectionImpl.java:2465)
	at com.mysql.jdbc.PreparedStatement.executeInternal(PreparedStatement.java:1915)
	at com.mysql.jdbc.PreparedStatement.executeUpdateInternal(PreparedStatement.java:2136)
	at com.mysql.jdbc.PreparedStatement.executeUpdateInternal(PreparedStatement.java:2070)
	at com.mysql.jdbc.PreparedStatement.executeLargeUpdate(PreparedStatement.java:5187)
	at com.mysql.jdbc.PreparedStatement.executeUpdate(PreparedStatement.java:2055)
	at org.eclipse.persistence.internal.databaseaccess.DatabaseAccessor.executeDirectNoSelect(DatabaseAccessor.java:898)
	... 99 more
]]></system-err>
  </testcase>
  <testcase name="SPOT07_getAllParkingSpotForFloorWithoutType" classname="sk.stuba.fei.uim.vsa.pr1a.tests.ParkingSpotTest" time="0.219">
    <failure message="expected: &lt;2&gt; but was: &lt;1&gt;" type="org.opentest4j.AssertionFailedError"><![CDATA[org.opentest4j.AssertionFailedError: expected: <2> but was: <1>
	at sk.stuba.fei.uim.vsa.pr1a.tests.ParkingSpotTest.SPOT07_getAllParkingSpotForFloorWithoutType(ParkingSpotTest.java:388)
]]></failure>
    <system-out><![CDATA[[EL Fine]: sql: 2022-05-22 01:42:54.556--ClientSession(1818449913)--Connection(851912430)--INSERT INTO CAR_PARK (ID, ADDRESS, NAME, PRICEPERHOUR) VALUES (?, ?, ?, ?)
	bind => [57, testtest, test8, 12]
[EL Fine]: sql: 2022-05-22 01:42:54.561--ClientSession(1497268815)--Connection(851912430)--INSERT INTO CAR_PARK_FLOOR (ID, CARPARK_ID, FLOORIDENTIFIER) VALUES (?, ?, ?)
	bind => [58, 57, Floor3-1]
[EL Fine]: sql: 2022-05-22 01:42:54.565--ServerSession(570794077)--Connection(851912430)--SELECT * from CAR_PARK_FLOOR where FLOORIDENTIFIER = 'Floor3-1' AND CARPARK_ID = '57'
[EL Fine]: sql: 2022-05-22 01:42:54.566--ServerSession(570794077)--Connection(851912430)--SELECT * from CAR_PARK_FLOOR where FLOORIDENTIFIER = 'Floor3-1' AND CARPARK_ID = '57'
[EL Fine]: sql: 2022-05-22 01:42:54.567--ServerSession(570794077)--Connection(851912430)--SELECT ID, BRAND, COLOUR, MODEL, VEHICLEREGISTRATIONPLATE, USER_ID FROM CAR WHERE (ID = ?)
	bind => [20]
[EL Fine]: sql: 2022-05-22 01:42:54.569--ClientSession(1627883152)--Connection(851912430)--INSERT INTO PARKING_SPOT (ID, FLOORIDENTIFIER, SPOTIDENTIFIER, CARPARK_ID, CARPARKFLOOR_ID, CAR_ID) VALUES (?, ?, ?, ?, ?, ?)
	bind => [59, Floor3-1, 1.01, 57, 58, null]
[EL Fine]: sql: 2022-05-22 01:42:54.573--ServerSession(570794077)--Connection(851912430)--SELECT * from CAR_PARK_FLOOR where FLOORIDENTIFIER = 'Floor3-1' AND CARPARK_ID = '57'
[EL Fine]: sql: 2022-05-22 01:42:54.574--ServerSession(570794077)--Connection(851912430)--SELECT * from CAR_PARK_FLOOR where FLOORIDENTIFIER = 'Floor3-1' AND CARPARK_ID = '57'
[EL Fine]: sql: 2022-05-22 01:42:54.575--ServerSession(570794077)--Connection(851912430)--SELECT ID, BRAND, COLOUR, MODEL, VEHICLEREGISTRATIONPLATE, USER_ID FROM CAR WHERE (ID = ?)
	bind => [20]
[EL Fine]: sql: 2022-05-22 01:42:54.576--ClientSession(677217562)--Connection(851912430)--INSERT INTO PARKING_SPOT (ID, FLOORIDENTIFIER, SPOTIDENTIFIER, CARPARK_ID, CARPARKFLOOR_ID, CAR_ID) VALUES (?, ?, ?, ?, ?, ?)
	bind => [60, Floor3-1, 1.02, 57, 58, null]
[EL Fine]: sql: 2022-05-22 01:42:54.58--ServerSession(570794077)--Connection(851912430)--SELECT * from PARKING_SPOT where FLOORIDENTIFIER = 'Floor3-1' AND CARPARK_ID =  '57'
]]></system-out>
  </testcase>
  <testcase name="SPOT03_getAllParkingSpotsForCarParkWithoutType" classname="sk.stuba.fei.uim.vsa.pr1a.tests.ParkingSpotTest" time="0.244">
    <failure message="expected: &lt;2&gt; but was: &lt;1&gt;" type="org.opentest4j.AssertionFailedError"><![CDATA[org.opentest4j.AssertionFailedError: expected: <2> but was: <1>
	at sk.stuba.fei.uim.vsa.pr1a.tests.ParkingSpotTest.SPOT03_getAllParkingSpotsForCarParkWithoutType(ParkingSpotTest.java:206)
]]></failure>
    <system-out><![CDATA[[EL Fine]: sql: 2022-05-22 01:42:54.784--ClientSession(1877986974)--Connection(851912430)--INSERT INTO CAR_PARK (ID, ADDRESS, NAME, PRICEPERHOUR) VALUES (?, ?, ?, ?)
	bind => [61, testtest, test7, 12]
[EL Fine]: sql: 2022-05-22 01:42:54.789--ClientSession(145066402)--Connection(851912430)--INSERT INTO CAR_PARK_FLOOR (ID, CARPARK_ID, FLOORIDENTIFIER) VALUES (?, ?, ?)
	bind => [62, 61, Floor1]
[EL Fine]: sql: 2022-05-22 01:42:54.794--ClientSession(799755007)--Connection(851912430)--INSERT INTO CAR_PARK_FLOOR (ID, CARPARK_ID, FLOORIDENTIFIER) VALUES (?, ?, ?)
	bind => [63, 61, Floor2]
[EL Fine]: sql: 2022-05-22 01:42:54.8--ServerSession(570794077)--Connection(851912430)--SELECT * from CAR_PARK_FLOOR where FLOORIDENTIFIER = 'Floor1' AND CARPARK_ID = '61'
[EL Fine]: sql: 2022-05-22 01:42:54.801--ServerSession(570794077)--Connection(851912430)--SELECT * from CAR_PARK_FLOOR where FLOORIDENTIFIER = 'Floor1' AND CARPARK_ID = '61'
[EL Fine]: sql: 2022-05-22 01:42:54.802--ServerSession(570794077)--Connection(851912430)--SELECT ID, BRAND, COLOUR, MODEL, VEHICLEREGISTRATIONPLATE, USER_ID FROM CAR WHERE (ID = ?)
	bind => [20]
[EL Fine]: sql: 2022-05-22 01:42:54.804--ClientSession(1250603112)--Connection(851912430)--INSERT INTO PARKING_SPOT (ID, FLOORIDENTIFIER, SPOTIDENTIFIER, CARPARK_ID, CARPARKFLOOR_ID, CAR_ID) VALUES (?, ?, ?, ?, ?, ?)
	bind => [64, Floor1, 1.1, 61, 62, null]
[EL Fine]: sql: 2022-05-22 01:42:54.808--ServerSession(570794077)--Connection(851912430)--SELECT * from CAR_PARK_FLOOR where FLOORIDENTIFIER = 'Floor1' AND CARPARK_ID = '61'
[EL Fine]: sql: 2022-05-22 01:42:54.809--ServerSession(570794077)--Connection(851912430)--SELECT * from CAR_PARK_FLOOR where FLOORIDENTIFIER = 'Floor1' AND CARPARK_ID = '61'
[EL Fine]: sql: 2022-05-22 01:42:54.81--ServerSession(570794077)--Connection(851912430)--SELECT ID, BRAND, COLOUR, MODEL, VEHICLEREGISTRATIONPLATE, USER_ID FROM CAR WHERE (ID = ?)
	bind => [20]
[EL Fine]: sql: 2022-05-22 01:42:54.811--ClientSession(1653751526)--Connection(851912430)--INSERT INTO PARKING_SPOT (ID, FLOORIDENTIFIER, SPOTIDENTIFIER, CARPARK_ID, CARPARKFLOOR_ID, CAR_ID) VALUES (?, ?, ?, ?, ?, ?)
	bind => [65, Floor1, 1.2, 61, 62, null]
[EL Fine]: sql: 2022-05-22 01:42:54.815--ServerSession(570794077)--Connection(851912430)--SELECT * from CAR_PARK_FLOOR where FLOORIDENTIFIER = 'Floor2' AND CARPARK_ID = '61'
[EL Fine]: sql: 2022-05-22 01:42:54.817--ServerSession(570794077)--Connection(851912430)--SELECT * from CAR_PARK_FLOOR where FLOORIDENTIFIER = 'Floor2' AND CARPARK_ID = '61'
[EL Fine]: sql: 2022-05-22 01:42:54.817--ServerSession(570794077)--Connection(851912430)--SELECT ID, BRAND, COLOUR, MODEL, VEHICLEREGISTRATIONPLATE, USER_ID FROM CAR WHERE (ID = ?)
	bind => [20]
[EL Fine]: sql: 2022-05-22 01:42:54.818--ClientSession(1379148981)--Connection(851912430)--INSERT INTO PARKING_SPOT (ID, FLOORIDENTIFIER, SPOTIDENTIFIER, CARPARK_ID, CARPARKFLOOR_ID, CAR_ID) VALUES (?, ?, ?, ?, ?, ?)
	bind => [66, Floor2, 2.1, 61, 63, null]
[EL Fine]: sql: 2022-05-22 01:42:54.822--ServerSession(570794077)--Connection(851912430)--SELECT * from CAR_PARK_FLOOR where FLOORIDENTIFIER = 'Floor2' AND CARPARK_ID = '61'
[EL Fine]: sql: 2022-05-22 01:42:54.824--ServerSession(570794077)--Connection(851912430)--SELECT * from CAR_PARK_FLOOR where FLOORIDENTIFIER = 'Floor2' AND CARPARK_ID = '61'
[EL Fine]: sql: 2022-05-22 01:42:54.824--ServerSession(570794077)--Connection(851912430)--SELECT ID, BRAND, COLOUR, MODEL, VEHICLEREGISTRATIONPLATE, USER_ID FROM CAR WHERE (ID = ?)
	bind => [20]
[EL Fine]: sql: 2022-05-22 01:42:54.826--ClientSession(2111882926)--Connection(851912430)--INSERT INTO PARKING_SPOT (ID, FLOORIDENTIFIER, SPOTIDENTIFIER, CARPARK_ID, CARPARKFLOOR_ID, CAR_ID) VALUES (?, ?, ?, ?, ?, ?)
	bind => [67, Floor2, 2.2, 61, 63, null]
[EL Fine]: sql: 2022-05-22 01:42:54.83--ServerSession(570794077)--Connection(851912430)--SELECT * from CAR_PARK_FLOOR where CARPARK_ID = '61'
[EL Fine]: sql: 2022-05-22 01:42:54.831--ServerSession(570794077)--Connection(851912430)--SELECT * from PARKING_SPOT where FLOORIDENTIFIER = 'Floor1' AND CARPARK_ID =  '61'
[EL Fine]: sql: 2022-05-22 01:42:54.832--ServerSession(570794077)--Connection(851912430)--SELECT * from PARKING_SPOT where FLOORIDENTIFIER = 'Floor2' AND CARPARK_ID =  '61'
]]></system-out>
  </testcase>
  <testcase name="SPOT05_deleteParkingSpotWithoutType" classname="sk.stuba.fei.uim.vsa.pr1a.tests.ParkingSpotTest" time="0.207"/>
  <testcase name="SPOT02_createAndGetParkingSpotWithoutType" classname="sk.stuba.fei.uim.vsa.pr1a.tests.ParkingSpotTest" time="0.206"/>
  <testcase name="SPOT01_getAllParkingSlotsWithoutType" classname="sk.stuba.fei.uim.vsa.pr1a.tests.ParkingSpotTest" time="0.235">
    <failure message="expected: &lt;2&gt; but was: &lt;1&gt;" type="org.opentest4j.AssertionFailedError"><![CDATA[org.opentest4j.AssertionFailedError: expected: <2> but was: <1>
	at sk.stuba.fei.uim.vsa.pr1a.tests.ParkingSpotTest.SPOT01_getAllParkingSlotsWithoutType(ParkingSpotTest.java:86)
]]></failure>
    <system-out><![CDATA[[EL Fine]: sql: 2022-05-22 01:42:55.44--ClientSession(896852376)--Connection(851912430)--INSERT INTO CAR_PARK (ID, ADDRESS, NAME, PRICEPERHOUR) VALUES (?, ?, ?, ?)
	bind => [74, testtest, test8, 12]
[EL Fine]: sql: 2022-05-22 01:42:55.445--ClientSession(1057569470)--Connection(851912430)--INSERT INTO CAR_PARK_FLOOR (ID, CARPARK_ID, FLOORIDENTIFIER) VALUES (?, ?, ?)
	bind => [75, 74, Floor3-1]
[EL Fine]: sql: 2022-05-22 01:42:55.449--ServerSession(570794077)--Connection(851912430)--SELECT * from CAR_PARK_FLOOR where FLOORIDENTIFIER = 'Floor3-1' AND CARPARK_ID = '74'
[EL Fine]: sql: 2022-05-22 01:42:55.45--ServerSession(570794077)--Connection(851912430)--SELECT * from CAR_PARK_FLOOR where FLOORIDENTIFIER = 'Floor3-1' AND CARPARK_ID = '74'
[EL Fine]: sql: 2022-05-22 01:42:55.451--ServerSession(570794077)--Connection(851912430)--SELECT ID, BRAND, COLOUR, MODEL, VEHICLEREGISTRATIONPLATE, USER_ID FROM CAR WHERE (ID = ?)
	bind => [20]
[EL Fine]: sql: 2022-05-22 01:42:55.453--ClientSession(32393008)--Connection(851912430)--INSERT INTO PARKING_SPOT (ID, FLOORIDENTIFIER, SPOTIDENTIFIER, CARPARK_ID, CARPARKFLOOR_ID, CAR_ID) VALUES (?, ?, ?, ?, ?, ?)
	bind => [76, Floor3-1, 1.01, 74, 75, null]
[EL Fine]: sql: 2022-05-22 01:42:55.458--ServerSession(570794077)--Connection(851912430)--SELECT * from CAR_PARK_FLOOR where FLOORIDENTIFIER = 'Floor3-1' AND CARPARK_ID = '74'
[EL Fine]: sql: 2022-05-22 01:42:55.46--ServerSession(570794077)--Connection(851912430)--SELECT * from CAR_PARK_FLOOR where FLOORIDENTIFIER = 'Floor3-1' AND CARPARK_ID = '74'
[EL Fine]: sql: 2022-05-22 01:42:55.46--ServerSession(570794077)--Connection(851912430)--SELECT ID, BRAND, COLOUR, MODEL, VEHICLEREGISTRATIONPLATE, USER_ID FROM CAR WHERE (ID = ?)
	bind => [20]
[EL Fine]: sql: 2022-05-22 01:42:55.462--ClientSession(1029898472)--Connection(851912430)--INSERT INTO PARKING_SPOT (ID, FLOORIDENTIFIER, SPOTIDENTIFIER, CARPARK_ID, CARPARKFLOOR_ID, CAR_ID) VALUES (?, ?, ?, ?, ?, ?)
	bind => [77, Floor3-1, 1.02, 74, 75, null]
[EL Fine]: sql: 2022-05-22 01:42:55.467--ClientSession(993420850)--Connection(851912430)--INSERT INTO CAR_PARK_FLOOR (ID, CARPARK_ID, FLOORIDENTIFIER) VALUES (?, ?, ?)
	bind => [78, 74, Floor3-2]
[EL Fine]: sql: 2022-05-22 01:42:55.471--ServerSession(570794077)--Connection(851912430)--SELECT * from CAR_PARK_FLOOR where FLOORIDENTIFIER = 'Floor3-2' AND CARPARK_ID = '74'
[EL Fine]: sql: 2022-05-22 01:42:55.473--ServerSession(570794077)--Connection(851912430)--SELECT * from CAR_PARK_FLOOR where FLOORIDENTIFIER = 'Floor3-2' AND CARPARK_ID = '74'
[EL Fine]: sql: 2022-05-22 01:42:55.474--ServerSession(570794077)--Connection(851912430)--SELECT ID, BRAND, COLOUR, MODEL, VEHICLEREGISTRATIONPLATE, USER_ID FROM CAR WHERE (ID = ?)
	bind => [20]
[EL Fine]: sql: 2022-05-22 01:42:55.475--ClientSession(773348567)--Connection(851912430)--INSERT INTO PARKING_SPOT (ID, FLOORIDENTIFIER, SPOTIDENTIFIER, CARPARK_ID, CARPARKFLOOR_ID, CAR_ID) VALUES (?, ?, ?, ?, ?, ?)
	bind => [79, Floor3-2, 2.01, 74, 78, null]
[EL Fine]: sql: 2022-05-22 01:42:55.48--ServerSession(570794077)--Connection(851912430)--SELECT * from CAR_PARK_FLOOR where CARPARK_ID = '74'
[EL Fine]: sql: 2022-05-22 01:42:55.481--ServerSession(570794077)--Connection(851912430)--SELECT * from PARKING_SPOT where FLOORIDENTIFIER = 'Floor3-1' AND CARPARK_ID =  '74'
[EL Fine]: sql: 2022-05-22 01:42:55.482--ServerSession(570794077)--Connection(851912430)--SELECT * from PARKING_SPOT where FLOORIDENTIFIER = 'Floor3-2' AND CARPARK_ID =  '74'
]]></system-out>
  </testcase>
</testsuite>
<testsuite xmlns:xsi="http://www.w3.org/2001/XMLSchema-instance" xsi:noNamespaceSchemaLocation="https://maven.apache.org/surefire/maven-surefire-plugin/xsd/surefire-test-report.xsd" name="sk.stuba.fei.uim.vsa.pr1a.tests.ReservationTest" time="4.075" tests="4" errors="0" skipped="0" failures="2">
  <properties>
[...]
</properties>
  <testcase name="RES03_shouldCreateAndGetReservations" classname="sk.stuba.fei.uim.vsa.pr1a.tests.ReservationTest" time="0.265">
    <failure message="expected: &lt;85&gt; but was: &lt;null&gt;" type="org.opentest4j.AssertionFailedError"><![CDATA[org.opentest4j.AssertionFailedError: expected: <85> but was: <null>
	at sk.stuba.fei.uim.vsa.pr1a.tests.ReservationTest.RES03_shouldCreateAndGetReservations(ReservationTest.java:197)
]]></failure>
    <system-out><![CDATA[car park class: sk.stuba.fei.uim.vsa.pr1a.CarParkService
[EL Fine]: sql: 2022-05-22 01:42:55.733--ClientSession(883678948)--Connection(851912430)--INSERT INTO CAR_PARK (ID, ADDRESS, NAME, PRICEPERHOUR) VALUES (?, ?, ?, ?)
	bind => [80, testtest, test8, 12]
[EL Fine]: sql: 2022-05-22 01:42:55.738--ClientSession(502891368)--Connection(851912430)--INSERT INTO CAR_PARK_FLOOR (ID, CARPARK_ID, FLOORIDENTIFIER) VALUES (?, ?, ?)
	bind => [81, 80, Floor3-1]
[EL Fine]: sql: 2022-05-22 01:42:55.742--ServerSession(570794077)--Connection(851912430)--SELECT * from CAR_PARK_FLOOR where FLOORIDENTIFIER = 'Floor3-1' AND CARPARK_ID = '80'
[EL Fine]: sql: 2022-05-22 01:42:55.743--ServerSession(570794077)--Connection(851912430)--SELECT * from CAR_PARK_FLOOR where FLOORIDENTIFIER = 'Floor3-1' AND CARPARK_ID = '80'
[EL Fine]: sql: 2022-05-22 01:42:55.744--ServerSession(570794077)--Connection(851912430)--SELECT ID, BRAND, COLOUR, MODEL, VEHICLEREGISTRATIONPLATE, USER_ID FROM CAR WHERE (ID = ?)
	bind => [20]
[EL Fine]: sql: 2022-05-22 01:42:55.746--ClientSession(6559830)--Connection(851912430)--INSERT INTO PARKING_SPOT (ID, FLOORIDENTIFIER, SPOTIDENTIFIER, CARPARK_ID, CARPARKFLOOR_ID, CAR_ID) VALUES (?, ?, ?, ?, ?, ?)
	bind => [82, Floor3-1, 1.01, 80, 81, null]
[EL Fine]: sql: 2022-05-22 01:42:55.75--ClientSession(1982958205)--Connection(851912430)--INSERT INTO USER (ID, EMAIL, FIRSTNAME, LASTNAME) VALUES (?, ?, ?, ?)
	bind => [83, jozko.mrkvicka@example.com, Jožko, Mrkvička]
[EL Fine]: sql: 2022-05-22 01:42:55.756--ClientSession(1280128554)--Connection(851912430)--INSERT INTO CAR (ID, BRAND, COLOUR, MODEL, VEHICLEREGISTRATIONPLATE, USER_ID) VALUES (?, ?, ?, ?, ?, ?)
	bind => [84, Audi, black, A7, BL798XX, 83]
[EL Fine]: sql: 2022-05-22 01:42:55.761--ServerSession(570794077)--Connection(851912430)--SELECT * from RESERVATION where CAR_ID = '84' AND FINISHDATE IS NULL 
[EL Fine]: sql: 2022-05-22 01:42:55.762--ServerSession(570794077)--Connection(851912430)--SELECT * from RESERVATION where PARKINGSPOT_ID = '82' AND FINISHDATE IS NULL 
[EL Fine]: sql: 2022-05-22 01:42:55.764--ClientSession(1296109622)--Connection(851912430)--UPDATE PARKING_SPOT SET CAR_ID = ? WHERE (ID = ?)
	bind => [84, 82]
[EL Fine]: sql: 2022-05-22 01:42:55.769--ClientSession(318794136)--Connection(851912430)--INSERT INTO RESERVATION (ID, FINALPRICE, FINISHDATE, STARTDATE, CAR_ID, DISCOUNTCOUPON_ID, PARKINGSPOT_ID) VALUES (?, ?, ?, ?, ?, ?, ?)
	bind => [85, null, null, 2022-05-22 01:42:55.763, 84, null, 82]
[EL Fine]: sql: 2022-05-22 01:42:55.777--ServerSession(570794077)--Connection(851912430)--SELECT * from RESERVATION where PARKINGSPOT_ID = '82'
]]></system-out>
    <system-err><![CDATA[Sun May 22 01:42:55 CEST 2022 WARN: Establishing SSL connection without server's identity verification is not recommended. According to MySQL 5.5.45+, 5.6.26+ and 5.7.6+ requirements SSL connection must be established by default if explicit option isn't set. For compliance with existing applications not using SSL the verifyServerCertificate property is set to 'false'. You need either to explicitly disable SSL by setting useSSL=false, or set useSSL=true and provide truststore for server certificate verification.
]]></system-err>
  </testcase>
  <testcase name="RES04_shouldCreateAndGetReservationByUser" classname="sk.stuba.fei.uim.vsa.pr1a.tests.ReservationTest" time="0.264">
    <failure message="expected: &lt;91&gt; but was: &lt;null&gt;" type="org.opentest4j.AssertionFailedError"><![CDATA[org.opentest4j.AssertionFailedError: expected: <91> but was: <null>
	at sk.stuba.fei.uim.vsa.pr1a.tests.ReservationTest.RES04_shouldCreateAndGetReservationByUser(ReservationTest.java:225)
]]></failure>
    <system-out><![CDATA[[EL Fine]: sql: 2022-05-22 01:42:56.006--ClientSession(889422145)--Connection(851912430)--INSERT INTO CAR_PARK (ID, ADDRESS, NAME, PRICEPERHOUR) VALUES (?, ?, ?, ?)
	bind => [86, testtest, test8, 12]
[EL Fine]: sql: 2022-05-22 01:42:56.012--ClientSession(5255258)--Connection(851912430)--INSERT INTO CAR_PARK_FLOOR (ID, CARPARK_ID, FLOORIDENTIFIER) VALUES (?, ?, ?)
	bind => [87, 86, Floor3-1]
[EL Fine]: sql: 2022-05-22 01:42:56.017--ServerSession(570794077)--Connection(851912430)--SELECT * from CAR_PARK_FLOOR where FLOORIDENTIFIER = 'Floor3-1' AND CARPARK_ID = '86'
[EL Fine]: sql: 2022-05-22 01:42:56.018--ServerSession(570794077)--Connection(851912430)--SELECT * from CAR_PARK_FLOOR where FLOORIDENTIFIER = 'Floor3-1' AND CARPARK_ID = '86'
[EL Fine]: sql: 2022-05-22 01:42:56.019--ServerSession(570794077)--Connection(851912430)--SELECT ID, BRAND, COLOUR, MODEL, VEHICLEREGISTRATIONPLATE, USER_ID FROM CAR WHERE (ID = ?)
	bind => [20]
[EL Fine]: sql: 2022-05-22 01:42:56.02--ClientSession(183259297)--Connection(851912430)--INSERT INTO PARKING_SPOT (ID, FLOORIDENTIFIER, SPOTIDENTIFIER, CARPARK_ID, CARPARKFLOOR_ID, CAR_ID) VALUES (?, ?, ?, ?, ?, ?)
	bind => [88, Floor3-1, 1.01, 86, 87, null]
[EL Fine]: sql: 2022-05-22 01:42:56.025--ClientSession(2047744862)--Connection(851912430)--INSERT INTO USER (ID, EMAIL, FIRSTNAME, LASTNAME) VALUES (?, ?, ?, ?)
	bind => [89, jozko.mrkvicka@example.com, Jožko, Mrkvička]
[EL Fine]: sql: 2022-05-22 01:42:56.029--ClientSession(991671211)--Connection(851912430)--INSERT INTO CAR (ID, BRAND, COLOUR, MODEL, VEHICLEREGISTRATIONPLATE, USER_ID) VALUES (?, ?, ?, ?, ?, ?)
	bind => [90, Audi, black, A7, BL798XX, 89]
[EL Fine]: sql: 2022-05-22 01:42:56.033--ServerSession(570794077)--Connection(851912430)--SELECT * from RESERVATION where CAR_ID = '90' AND FINISHDATE IS NULL 
[EL Fine]: sql: 2022-05-22 01:42:56.034--ServerSession(570794077)--Connection(851912430)--SELECT * from RESERVATION where PARKINGSPOT_ID = '88' AND FINISHDATE IS NULL 
[EL Fine]: sql: 2022-05-22 01:42:56.036--ClientSession(1773008684)--Connection(851912430)--UPDATE PARKING_SPOT SET CAR_ID = ? WHERE (ID = ?)
	bind => [90, 88]
[EL Fine]: sql: 2022-05-22 01:42:56.04--ClientSession(1365575811)--Connection(851912430)--INSERT INTO RESERVATION (ID, FINALPRICE, FINISHDATE, STARTDATE, CAR_ID, DISCOUNTCOUPON_ID, PARKINGSPOT_ID) VALUES (?, ?, ?, ?, ?, ?, ?)
	bind => [91, null, null, 2022-05-22 01:42:56.035, 90, null, 88]
[EL Fine]: sql: 2022-05-22 01:42:56.045--ServerSession(570794077)--Connection(851912430)--select * from RESERVATION WHERE FINISHDATE IS NULL
]]></system-out>
  </testcase>
  <testcase name="RES02_shouldCreateAndEndReservation" classname="sk.stuba.fei.uim.vsa.pr1a.tests.ReservationTest" time="3.256"/>
  <testcase name="RES01_shouldCreateReservation" classname="sk.stuba.fei.uim.vsa.pr1a.tests.ReservationTest" time="0.26"/>
</testsuite>
<testsuite xmlns:xsi="http://www.w3.org/2001/XMLSchema-instance" xsi:noNamespaceSchemaLocation="https://maven.apache.org/surefire/maven-surefire-plugin/xsd/surefire-test-report.xsd" name="sk.stuba.fei.uim.vsa.pr1a.tests.UserTest" time="1.128" tests="5" errors="0" skipped="0" failures="1">
  <properties>
[...]
</properties>
  <testcase name="USER03_shouldCreateGetUserByEmail" classname="sk.stuba.fei.uim.vsa.pr1a.tests.UserTest" time="0.213"/>
  <testcase name="USER02_shouldCreateAndGetUserById" classname="sk.stuba.fei.uim.vsa.pr1a.tests.UserTest" time="0.22"/>
  <testcase name="USER01_shouldCreateUser" classname="sk.stuba.fei.uim.vsa.pr1a.tests.UserTest" time="0.221"/>
  <testcase name="USER06_shouldCreateAndDeleteUser" classname="sk.stuba.fei.uim.vsa.pr1a.tests.UserTest" time="0.234"/>
  <testcase name="USER04_shouldCreateAndGetAllUsers" classname="sk.stuba.fei.uim.vsa.pr1a.tests.UserTest" time="0.215">
    <failure message="expected: &lt;sk.stuba.fei.uim.vsa.pr1a.entities.User&gt; but was: &lt;java.util.Vector&gt;" type="org.opentest4j.AssertionFailedError"><![CDATA[org.opentest4j.AssertionFailedError: expected: <sk.stuba.fei.uim.vsa.pr1a.entities.User> but was: <java.util.Vector>
	at sk.stuba.fei.uim.vsa.pr1a.tests.UserTest.USER04_shouldCreateAndGetAllUsers(UserTest.java:63)
]]></failure>
    <system-out><![CDATA[[EL Fine]: sql: 2022-05-22 01:43:00.687--ClientSession(438123546)--Connection(851912430)--INSERT INTO USER (ID, EMAIL, FIRSTNAME, LASTNAME) VALUES (?, ?, ?, ?)
	bind => [108, jozko.mrkvicka@example.com, Jožko, Mrkvička]
[EL Fine]: sql: 2022-05-22 01:43:00.692--ServerSession(570794077)--Connection(851912430)--select * from USER
]]></system-out>
  </testcase>
</testsuite>